HSP90AA1 2XDX /home/users/lxpowers/projects/combind/flexibility/flex_new/flexibility_project/flexibility_prediction/Data/feature_vectors/HSP90AA1/2XDX.pkl
'function' object has no attribute 'Rotamers'
'function' object has no attribute 'Rotamers'
'function' object has no attribute 'Rotamers'
'function' object has no attribute 'Rotamers'
'function' object has no attribute 'Rotamers'
'function' object has no attribute 'Rotamers'
'function' object has no attribute 'Rotamers'
'function' object has no attribute 'Rotamers'
'function' object has no attribute 'Rotamers'
'function' object has no attribute 'Rotamers'
'function' object has no attribute 'Rotamers'
'function' object has no attribute 'Rotamers'
'function' object has no attribute 'Rotamers'
'function' object has no attribute 'Rotamers'
'function' object has no attribute 'Rotamers'
'function' object has no attribute 'Rotamers'
'function' object has no attribute 'Rotamers'
'function' object has no attribute 'Rotamers'
'function' object has no attribute 'Rotamers'
'function' object has no attribute 'Rotamers'
'function' object has no attribute 'Rotamers'
'function' object has no attribute 'Rotamers'
'function' object has no attribute 'Rotamers'
'function' object has no attribute 'Rotamers'
'function' object has no attribute 'Rotamers'
'function' object has no attribute 'Rotamers'
'function' object has no attribute 'Rotamers'
'function' object has no attribute 'Rotamers'
'function' object has no attribute 'Rotamers'
'function' object has no attribute 'Rotamers'
'function' object has no attribute 'Rotamers'
'function' object has no attribute 'Rotamers'
'function' object has no attribute 'Rotamers'
'function' object has no attribute 'Rotamers'
'function' object has no attribute 'Rotamers'
'function' object has no attribute 'Rotamers'
'function' object has no attribute 'Rotamers'
'function' object has no attribute 'Rotamers'
'function' object has no attribute 'Rotamers'
'function' object has no attribute 'Rotamers'
'function' object has no attribute 'Rotamers'
'function' object has no attribute 'Rotamers'
'function' object has no attribute 'Rotamers'
'function' object has no attribute 'Rotamers'
'function' object has no attribute 'Rotamers'
'function' object has no attribute 'Rotamers'
'function' object has no attribute 'Rotamers'
'function' object has no attribute 'Rotamers'
'function' object has no attribute 'Rotamers'
'function' object has no attribute 'Rotamers'
'function' object has no attribute 'Rotamers'
'function' object has no attribute 'Rotamers'
'function' object has no attribute 'Rotamers'
'function' object has no attribute 'Rotamers'
'function' object has no attribute 'Rotamers'
'function' object has no attribute 'Rotamers'
'function' object has no attribute 'Rotamers'
'function' object has no attribute 'Rotamers'
'function' object has no attribute 'Rotamers'
'function' object has no attribute 'Rotamers'
'function' object has no attribute 'Rotamers'
'function' object has no attribute 'Rotamers'
'function' object has no attribute 'Rotamers'
'function' object has no attribute 'Rotamers'
'function' object has no attribute 'Rotamers'
'function' object has no attribute 'Rotamers'
'function' object has no attribute 'Rotamers'
'function' object has no attribute 'Rotamers'
'function' object has no attribute 'Rotamers'
'function' object has no attribute 'Rotamers'
'function' object has no attribute 'Rotamers'
'function' object has no attribute 'Rotamers'
'function' object has no attribute 'Rotamers'
'function' object has no attribute 'Rotamers'
'function' object has no attribute 'Rotamers'
'function' object has no attribute 'Rotamers'
'function' object has no attribute 'Rotamers'
'function' object has no attribute 'Rotamers'
'function' object has no attribute 'Rotamers'
'function' object has no attribute 'Rotamers'
'function' object has no attribute 'Rotamers'
'function' object has no attribute 'Rotamers'
'function' object has no attribute 'Rotamers'
'function' object has no attribute 'Rotamers'
'function' object has no attribute 'Rotamers'
'function' object has no attribute 'Rotamers'
'function' object has no attribute 'Rotamers'
'function' object has no attribute 'Rotamers'
'function' object has no attribute 'Rotamers'
'function' object has no attribute 'Rotamers'
'function' object has no attribute 'Rotamers'
'function' object has no attribute 'Rotamers'
'function' object has no attribute 'Rotamers'
'function' object has no attribute 'Rotamers'
'function' object has no attribute 'Rotamers'
'function' object has no attribute 'Rotamers'
'function' object has no attribute 'Rotamers'
'function' object has no attribute 'Rotamers'
'function' object has no attribute 'Rotamers'
'function' object has no attribute 'Rotamers'
'function' object has no attribute 'Rotamers'
'function' object has no attribute 'Rotamers'
'function' object has no attribute 'Rotamers'
'function' object has no attribute 'Rotamers'
'function' object has no attribute 'Rotamers'
'function' object has no attribute 'Rotamers'
'function' object has no attribute 'Rotamers'
'function' object has no attribute 'Rotamers'
'function' object has no attribute 'Rotamers'
'function' object has no attribute 'Rotamers'
'function' object has no attribute 'Rotamers'
'function' object has no attribute 'Rotamers'
'function' object has no attribute 'Rotamers'
'function' object has no attribute 'Rotamers'
'function' object has no attribute 'Rotamers'
'function' object has no attribute 'Rotamers'
'function' object has no attribute 'Rotamers'
'function' object has no attribute 'Rotamers'
'function' object has no attribute 'Rotamers'
'function' object has no attribute 'Rotamers'
'function' object has no attribute 'Rotamers'
'function' object has no attribute 'Rotamers'
'function' object has no attribute 'Rotamers'
'function' object has no attribute 'Rotamers'
'function' object has no attribute 'Rotamers'
'function' object has no attribute 'Rotamers'
'function' object has no attribute 'Rotamers'
'function' object has no attribute 'Rotamers'
'function' object has no attribute 'Rotamers'
'function' object has no attribute 'Rotamers'
'function' object has no attribute 'Rotamers'
'function' object has no attribute 'Rotamers'
'function' object has no attribute 'Rotamers'
'function' object has no attribute 'Rotamers'
'function' object has no attribute 'Rotamers'
'function' object has no attribute 'Rotamers'
'function' object has no attribute 'Rotamers'
'function' object has no attribute 'Rotamers'
'function' object has no attribute 'Rotamers'
'function' object has no attribute 'Rotamers'
'function' object has no attribute 'Rotamers'
'function' object has no attribute 'Rotamers'
'function' object has no attribute 'Rotamers'
'function' object has no attribute 'Rotamers'
'function' object has no attribute 'Rotamers'
'function' object has no attribute 'Rotamers'
'function' object has no attribute 'Rotamers'
'function' object has no attribute 'Rotamers'
'function' object has no attribute 'Rotamers'
'function' object has no attribute 'Rotamers'
'function' object has no attribute 'Rotamers'
'function' object has no attribute 'Rotamers'
'function' object has no attribute 'Rotamers'
'function' object has no attribute 'Rotamers'
'function' object has no attribute 'Rotamers'
'function' object has no attribute 'Rotamers'
'function' object has no attribute 'Rotamers'
'function' object has no attribute 'Rotamers'
'function' object has no attribute 'Rotamers'
'function' object has no attribute 'Rotamers'
'function' object has no attribute 'Rotamers'
'function' object has no attribute 'Rotamers'
'function' object has no attribute 'Rotamers'
'function' object has no attribute 'Rotamers'
'function' object has no attribute 'Rotamers'
'function' object has no attribute 'Rotamers'
'function' object has no attribute 'Rotamers'
'function' object has no attribute 'Rotamers'
'function' object has no attribute 'Rotamers'
'function' object has no attribute 'Rotamers'
'function' object has no attribute 'Rotamers'
'function' object has no attribute 'Rotamers'
'function' object has no attribute 'Rotamers'
'function' object has no attribute 'Rotamers'
'function' object has no attribute 'Rotamers'
'function' object has no attribute 'Rotamers'
'function' object has no attribute 'Rotamers'
'function' object has no attribute 'Rotamers'
'function' object has no attribute 'Rotamers'
'function' object has no attribute 'Rotamers'
Traceback (most recent call last):
  File "residue_feature_vector_creator.py", line 250, in <module>
    create_feature_vector(protein, ligand, pickle_file, combind_root)
  File "residue_feature_vector_creator.py", line 210, in create_feature_vector
    residues = get_all_res(s, rot_s)
  File "residue_feature_vector_creator.py", line 76, in get_all_res
    position = r.getAlphaCarbon().xyz
AttributeError: 'NoneType' object has no attribute 'xyz'
