PLK1 3THB /home/users/sidhikab/flexibility_project/flexibility_prediction/Data/feature_vectors/PLK1/3THB.pkl
Could not find atom " CG " of A:42 for chi1
Could not find atom " CG1" of A:43 for chi1
Could not find atom " CG " of A:44 for chi1
Could not find atom " CG " of A:48 for chi1
Could not find atom " OG " of A:49 for chi1
Could not find atom " CG " of A:50 for chi1
Could not find atom " CG " of A:51 for chi1
Could not find atom " CG " of A:74 for chi1
Could not find atom " CG " of A:76 for chi1
Could not find atom " CG1" of A:83 for chi1
Could not find atom " CG " of A:134 for chi1
0 30.644633827265725
1 73.83174383657216
2 33.234162293369025
3 36.19589722178452
4 32.931033649826816
5 85.89290155909868
6 38.23157394343864
7 72.19702846703332
8 40.38615036922335
9 62.94416807464446
10 34.33074290585705
Could not find atom " CG " of A:169 for chi1
Could not find atom " CG " of A:171 for chi1
Could not find atom " CG " of A:209 for chi1
Could not find atom " CG " of A:225 for chi1
Could not find atom " CG " of A:264 for chi1
Could not find atom " CG " of A:265 for chi1
Could not find atom " CG " of A:267 for chi1
Could not find atom " CG " of A:272 for chi1
Could not find atom " CG " of A:324 for chi1
Num exceptions = 20
