CHRM3 /home/users/sidhikab/flexibility_project/flexibility_prediction/Data/feature_vectors/CHRM3/4DAJ.pkl
Could not find atom " CG1" of A:64 for chi1
Could not find atom " CG " of A:65 for chi1
Could not find atom " CG1" of A:67 for chi1
Could not find atom " CG1" of A:68 for chi1
Could not find atom " CG " of A:69 for chi1
Could not find atom " CG " of A:72 for chi1
Could not find atom " CG " of A:77 for chi1
Could not find atom " CG1" of A:129 for chi1
Could not find atom " HG " of A:140 for chi2
Could not find atom " CG " of A:212 for chi1
Could not find atom " HG " of A:220 for chi2
Could not find atom " CG " of A:1053 for chi1
Could not find atom " HG " of A:516 for chi2
Could not find atom " HG " of A:519 for chi2
Could not find atom " CG " of A:555 for chi1
Could not find atom " OG1" of B:63 for chi1
Could not find atom " CG1" of B:64 for chi1
Could not find atom " CG1" of B:68 for chi1
Could not find atom " CG " of B:69 for chi1
Could not find atom " CG1" of B:70 for chi1
Could not find atom " CG " of B:93 for chi1
Could not find atom " CG " of B:97 for chi1
Could not find atom " CG " of B:99 for chi1
Could not find atom " HG " of B:140 for chi2
Could not find atom " CG " of B:171 for chi1
Could not find atom " CG " of B:212 for chi1
Could not find atom " HG " of B:220 for chi2
Could not find atom " CG " of B:252 for chi1
Could not find atom " CG " of B:256 for chi1
Could not find atom " CG " of B:1016 for chi1
Could not find atom " CG " of B:1022 for chi1
Could not find atom " CG " of B:1024 for chi1
Could not find atom " CG " of B:1040 for chi1
Could not find atom " CG " of B:1048 for chi1
Could not find atom " CG " of B:1076 for chi1
Could not find atom " CG " of B:1080 for chi1
Could not find atom " CG " of B:1083 for chi1
Could not find atom " CG " of B:1108 for chi1
Could not find atom " CG " of B:1116 for chi1
Could not find atom " CG " of B:1124 for chi1
Could not find atom " CG " of B:1137 for chi1
Could not find atom " HG " of B:516 for chi2
Could not find atom " HG " of B:519 for chi2
Could not find atom " CG " of B:548 for chi1
Could not find atom " CG " of B:550 for chi1
Could not find atom " CG " of B:551 for chi1
Could not find atom " OG1" of B:552 for chi1
Could not find atom " CG " of B:554 for chi1
Could not find atom " OG1" of C:63 for chi1
Could not find atom " CG " of C:69 for chi1
Could not find atom " CG1" of C:70 for chi1
Could not find atom " OG1" of C:74 for chi1
Could not find atom " CG " of C:93 for chi1
Could not find atom " CG " of C:96 for chi1
Could not find atom " CG " of C:97 for chi1
Could not find atom " CG1" of C:128 for chi1
Could not find atom " CG1" of C:129 for chi1
Could not find atom " CG " of C:132 for chi1
Could not find atom " HG " of C:140 for chi2
Could not find atom " CG " of C:182 for chi1
Could not find atom " CG " of C:212 for chi1
Could not find atom " HG " of C:220 for chi2
Could not find atom " CG " of C:256 for chi1
Could not find atom " CG " of C:484 for chi1
Could not find atom " CG " of C:1016 for chi1
Could not find atom " CG " of C:1025 for chi1
Could not find atom " CG " of C:1035 for chi1
Could not find atom " CG " of C:1039 for chi1
Could not find atom " CG " of C:1043 for chi1
Could not find atom " OG " of C:1044 for chi1
Could not find atom " CG " of C:1045 for chi1
Could not find atom " CG " of C:1048 for chi1
Could not find atom " CG " of C:1076 for chi1
Could not find atom " CG " of C:1083 for chi1
Could not find atom " CG " of C:1089 for chi1
Could not find atom " CG " of C:1105 for chi1
Could not find atom " CG " of C:1116 for chi1
Could not find atom " CG " of C:1135 for chi1
Could not find atom " HG " of C:516 for chi2
Could not find atom " HG " of C:519 for chi2
Could not find atom " CG " of C:522 for chi1
Could not find atom " CG " of C:527 for chi1
Could not find atom " CG " of C:548 for chi1
Could not find atom " CG " of C:550 for chi1
Could not find atom " CG " of C:551 for chi1
Could not find atom " OG1" of C:552 for chi1
Could not find atom " CG " of C:554 for chi1
Could not find atom " CG " of C:555 for chi1
Could not find atom " CG " of D:66 for chi1
Could not find atom " CG1" of D:67 for chi1
Could not find atom " CG1" of D:70 for chi1
Could not find atom " CG " of D:72 for chi1
Could not find atom " CG " of D:73 for chi1
Could not find atom " CG " of D:93 for chi1
Could not find atom " CG " of D:124 for chi1
Could not find atom " OG1" of D:126 for chi1
Could not find atom " CG1" of D:129 for chi1
Could not find atom " HG " of D:140 for chi2
Could not find atom " CG " of D:212 for chi1
Could not find atom " CG " of D:219 for chi1
Could not find atom " HG " of D:220 for chi2
Could not find atom " CG " of D:258 for chi1
Could not find atom " CG " of D:1005 for chi1
Could not find atom " CG " of D:1123 for chi1
Could not find atom " CG " of D:1124 for chi1
Could not find atom " CG " of D:1125 for chi1
Could not find atom " CG " of D:1128 for chi1
Could not find atom " HG " of D:516 for chi2
Could not find atom " HG " of D:519 for chi2
Could not find atom " CG " of D:522 for chi1
Could not find atom " CG " of D:548 for chi1
Could not find atom " CG " of D:555 for chi1
Could not find atom " CG " of D:558 for chi1
Could not find atom " CG " of D:559 for chi1
Num exceptions = 114
