CHRM3 /home/users/sidhikab/flexibility_project/flexibility_prediction/Data/feature_vectors/CHRM3/4U16.pkl
Could not find atom " CG1" of A:64 for chi1
Could not find atom " CG " of A:65 for chi1
Could not find atom " CG1" of A:70 for chi1
Could not find atom " CG " of A:93 for chi1
Could not find atom " CG1" of A:94 for chi1
Could not find atom " CG " of A:95 for chi1
Could not find atom " CG " of A:96 for chi1
Could not find atom " CG " of A:97 for chi1
Could not find atom " CG " of A:98 for chi1
Could not find atom " CG " of A:99 for chi1
Could not find atom " OG1" of A:100 for chi1
Could not find atom " CG " of A:109 for chi1
Could not find atom " CG1" of A:119 for chi1
Could not find atom " CG " of A:121 for chi1
Could not find atom " CG " of A:122 for chi1
Could not find atom " CG1" of A:128 for chi1
Could not find atom " CG1" of A:129 for chi1
Could not find atom " CG " of A:130 for chi1
Could not find atom " CG " of A:132 for chi1
Could not find atom " CG " of A:135 for chi1
Could not find atom " HG " of A:140 for chi2
Could not find atom " CG " of A:171 for chi1
Could not find atom " CG " of A:173 for chi1
Could not find atom " CG " of A:176 for chi1
Could not find atom " CG " of A:178 for chi1
Could not find atom " CG " of A:179 for chi1
Could not find atom " CG " of A:182 for chi1
Could not find atom " CG " of A:183 for chi1
Could not find atom " CG " of A:190 for chi1
Could not find atom " CG " of A:205 for chi1
Could not find atom " CG " of A:212 for chi1
Could not find atom " CG " of A:213 for chi1
Could not find atom " CG1" of A:215 for chi1
Could not find atom " HG " of A:220 for chi2
Could not find atom " CG " of A:223 for chi1
Could not find atom " CG " of A:252 for chi1
Could not find atom " CG " of A:255 for chi1
Could not find atom " CG " of A:258 for chi1
Could not find atom " CG " of A:259 for chi1
Could not find atom " CG1" of A:483 for chi1
Could not find atom " CG " of A:484 for chi1
Could not find atom " CG " of A:487 for chi1
Could not find atom " CG " of A:490 for chi1
Could not find atom " HG " of A:516 for chi2
Could not find atom " OG " of A:518 for chi1
Could not find atom " HG " of A:519 for chi2
Could not find atom " CG1" of A:520 for chi1
Could not find atom " CG " of A:543 for chi1
Could not find atom " CG " of A:545 for chi1
Could not find atom " CG " of A:547 for chi1
Could not find atom " CG " of A:1017 for chi1
Could not find atom " CG " of A:1021 for chi1
Could not find atom " CG " of A:1039 for chi1
Could not find atom " CG " of A:1041 for chi1
Could not find atom " CG " of A:1075 for chi1
Could not find atom " CG " of A:1079 for chi1
Could not find atom " CG " of A:1081 for chi1
Could not find atom " CG " of A:1084 for chi1
Could not find atom " CG " of A:1093 for chi1
Could not find atom " CG " of A:1097 for chi1
Could not find atom " CG " of A:1103 for chi1
Could not find atom " CG " of A:1115 for chi1
Could not find atom " CG1" of B:64 for chi1
Could not find atom " CG " of B:65 for chi1
Could not find atom " CG " of B:72 for chi1
Could not find atom " CG " of B:93 for chi1
Could not find atom " CG " of B:96 for chi1
Could not find atom " CG " of B:99 for chi1
Could not find atom " CG1" of B:118 for chi1
Could not find atom " CG " of B:121 for chi1
Could not find atom " CG1" of B:129 for chi1
Could not find atom " CG " of B:132 for chi1
Could not find atom " CG " of B:133 for chi1
Could not find atom " CG " of B:135 for chi1
Could not find atom " HG " of B:140 for chi2
Could not find atom " CG " of B:144 for chi1
Could not find atom " CG " of B:171 for chi1
Could not find atom " CG " of B:173 for chi1
Could not find atom " CG " of B:182 for chi1
Could not find atom " CG " of B:204 for chi1
Could not find atom " CG " of B:212 for chi1
Could not find atom " CG " of B:213 for chi1
Could not find atom " CG " of B:219 for chi1
Could not find atom " HG " of B:220 for chi2
Could not find atom " CG " of B:223 for chi1
Could not find atom " CG " of B:227 for chi1
Could not find atom " CG " of B:255 for chi1
Could not find atom " CG " of B:258 for chi1
Could not find atom " CG " of B:484 for chi1
Could not find atom " CG " of B:485 for chi1
Could not find atom " CG " of B:487 for chi1
Could not find atom " CG " of B:490 for chi1
Could not find atom " HG " of B:516 for chi2
Could not find atom " CG " of B:517 for chi1
Could not find atom " OG " of B:518 for chi1
Could not find atom " HG " of B:519 for chi2
Could not find atom " CG " of B:548 for chi1
Could not find atom " CG " of B:551 for chi1
Could not find atom " CG " of B:554 for chi1
Could not find atom " CG " of B:555 for chi1
Could not find atom " CG " of B:1018 for chi1
Could not find atom " CG " of B:1021 for chi1
Could not find atom " CG " of B:1032 for chi1
Could not find atom " CG " of B:1035 for chi1
Could not find atom " CG " of B:1039 for chi1
Could not find atom " CG1" of B:1067 for chi1
Could not find atom " CG " of B:1075 for chi1
Could not find atom " CG " of B:1081 for chi1
Could not find atom " CG " of B:1091 for chi1
Num exceptions = 109
