B2AR /home/users/sidhikab/flexibility_project/flexibility_prediction/Data/feature_vectors/B2AR/3NY9.pkl
Could not find atom " CG " of A:32 for chi1
Could not find atom " CG " of A:60 for chi1
Could not find atom " SD " of A:98 for chi2
Could not find atom " OG1" of A:100 for chi1
Could not find atom " HG " of A:106 for chi2
Could not find atom " CG " of A:107 for chi1
Could not find atom " CG " of A:147 for chi1
Could not find atom " HG " of A:184 for chi2
Could not find atom " HG " of A:190 for chi2
Could not find atom " HG " of A:191 for chi2
Could not find atom " CG " of A:221 for chi1
Could not find atom " CG " of A:299 for chi1
Could not find atom " NE " of A:304 for chi3
Could not find atom " CG " of A:306 for chi1
Could not find atom " CG " of A:1016 for chi1
Could not find atom " CG " of A:1044 for chi1
Could not find atom " CE " of A:1081 for chi3
Could not find atom " CG " of A:1141 for chi1
Could not find atom " CG " of A:1147 for chi1
Num exceptions = 19
