B2AR /home/users/sidhikab/flexibility_project/flexibility_prediction/Data/feature_vectors/B2AR/4LDO.pkl
Could not find atom " CG " of A:-142 for chi1
Could not find atom " CG " of A:-138 for chi1
Could not find atom " CG " of A:-113 for chi1
Could not find atom " CG " of A:-87 for chi1
Could not find atom " CG " of A:-70 for chi1
Could not find atom " CG " of A:-55 for chi1
Could not find atom " CG " of A:2 for chi1
Could not find atom " CG " of A:5 for chi1
Could not find atom " CG " of A:12 for chi1
Could not find atom " CG " of A:60 for chi1
Could not find atom " CG " of A:62 for chi1
Could not find atom " CG " of A:63 for chi1
Could not find atom " HG " of A:106 for chi2
Could not find atom " CG " of A:149 for chi1
Could not find atom " HG " of A:184 for chi2
Could not find atom " HG " of A:190 for chi2
Could not find atom " HG " of A:191 for chi2
Could not find atom " CG " of A:223 for chi1
Could not find atom " CG " of A:227 for chi1
Could not find atom " CG " of A:1094 for chi1
Could not find atom " CG " of A:270 for chi1
Could not find atom " CG " of A:302 for chi1
Could not find atom " CG " of A:1152 for chi1
Could not find atom " CD1" of A:1156 for chi2
Could not find atom " CG " of A:1160 for chi1
Could not find atom " CG " of B:343 for chi1
Could not find atom " CG " of B:355 for chi1
Could not find atom " HG " of B:364 for chi2
Could not find atom " OG " of B:367 for chi1
Could not find atom " CG " of B:385 for chi1
Could not find atom " CG " of B:386 for chi1
Could not find atom " CG " of B:406 for chi1
Could not find atom " CD " of B:428 for chi2
Could not find atom " HG " of B:437 for chi2
Could not find atom " OG " of B:462 for chi1
Num exceptions = 35
