CDK2 1H1Q /home/users/sidhikab/flexibility_project/flexibility_prediction/Data/feature_vectors/CDK2/1H1Q.pkl
There is no rotamer information for residue HIE 
There is no rotamer information for residue HIE 
There is no rotamer information for residue HIE 
There is no rotamer information for residue HIE 
There is no rotamer information for residue HIE 
There is no rotamer information for residue TPO 
There is no rotamer information for residue HIP 
There is no rotamer information for residue HIE 
There is no rotamer information for residue HIE 
There is no rotamer information for residue HIE 
There is no rotamer information for residue HIE 
There is no rotamer information for residue HIE 
There is no rotamer information for residue HIE 
There is no rotamer information for residue HIE 
There is no rotamer information for residue HIE 
There is no rotamer information for residue HIE 
There is no rotamer information for residue HIE 
There is no rotamer information for residue HIE 
There is no rotamer information for residue HIE 
There is no rotamer information for residue TPO 
There is no rotamer information for residue HIP 
There is no rotamer information for residue HIE 
There is no rotamer information for residue HIE 
There is no rotamer information for residue HIE 
There is no rotamer information for residue HIE 
There is no rotamer information for residue HIE 
Num exceptions = 26
