CDK2 1H1S /home/users/sidhikab/flexibility_project/flexibility_prediction/Data/feature_vectors/CDK2/1H1S.pkl
There is no rotamer information for residue GLH 
There is no rotamer information for residue HIE 
There is no rotamer information for residue HIE 
There is no rotamer information for residue HIE 
There is no rotamer information for residue HIE 
There is no rotamer information for residue HIE 
There is no rotamer information for residue TPO 
There is no rotamer information for residue HIP 
There is no rotamer information for residue HIE 
There is no rotamer information for residue HIE 
There is no rotamer information for residue HIE 
There is no rotamer information for residue HIE 
There is no rotamer information for residue HIE 
There is no rotamer information for residue HIE 
There is no rotamer information for residue HIE 
There is no rotamer information for residue HIE 
There is no rotamer information for residue HIE 
There is no rotamer information for residue HIE 
There is no rotamer information for residue TPO 
There is no rotamer information for residue HIP 
There is no rotamer information for residue HIE 
There is no rotamer information for residue HIE 
There is no rotamer information for residue GLH 
There is no rotamer information for residue HIE 
There is no rotamer information for residue HIE 
There is no rotamer information for residue HIE 
There is no rotamer information for residue HIE 
There is no rotamer information for residue HIE 
Num exceptions = 28
