SIGMAR1 6DJZ /home/users/sidhikab/flexibility_project/flexibility_prediction/Data/feature_vectors/SIGMAR1/6DJZ.pkl
Could not find atom " CG " of A:8 for chi1
Could not find atom " CG " of A:9 for chi1
Could not find atom " CG " of A:11 for chi1
Could not find atom " CG " of A:15 for chi1
Could not find atom " CG1" of A:18 for chi1
Could not find atom " CG " of A:33 for chi1
Could not find atom " CG " of A:74 for chi1
Could not find atom " CG " of A:142 for chi1
Could not find atom " OG " of B:1 for chi1
Could not find atom " CG " of B:2 for chi1
Could not find atom " CG " of B:7 for chi1
Could not find atom " CG " of B:8 for chi1
Could not find atom " CG " of B:22 for chi1
Could not find atom " CG " of B:24 for chi1
Could not find atom " CG " of B:28 for chi1
Could not find atom " CG " of B:29 for chi1
Could not find atom " CG " of B:30 for chi1
Could not find atom " OG1" of B:32 for chi1
Could not find atom " OG " of B:34 for chi1
Could not find atom " CG1" of B:36 for chi1
Could not find atom " CG " of B:38 for chi1
Could not find atom " CG " of B:40 for chi1
Could not find atom " CG " of B:41 for chi1
Could not find atom " CG " of B:44 for chi1
Could not find atom " CG " of B:47 for chi1
Could not find atom " CG " of B:48 for chi1
Could not find atom " CG1" of B:63 for chi1
Could not find atom " CG " of B:78 for chi1
Could not find atom " OG " of B:101 for chi1
Could not find atom " CG " of B:142 for chi1
Could not find atom " CG " of B:167 for chi1
Could not find atom " CG " of B:219 for chi1
Could not find atom " CG " of C:2 for chi1
Could not find atom " CG1" of C:5 for chi1
Could not find atom " CG " of C:7 for chi1
Could not find atom " CG " of C:8 for chi1
Could not find atom " CG " of C:9 for chi1
Could not find atom " CG " of C:11 for chi1
Could not find atom " CG " of C:14 for chi1
Could not find atom " CG " of C:15 for chi1
Could not find atom " CG " of C:16 for chi1
Could not find atom " CG1" of C:18 for chi1
Could not find atom " CG " of C:22 for chi1
Could not find atom " CG " of C:40 for chi1
Could not find atom " CG1" of C:63 for chi1
Could not find atom " CG " of C:142 for chi1
Could not find atom " CG " of C:144 for chi1
Could not find atom " CG " of C:221 for chi1
Num exceptions = 48
