5HT2B /home/users/sidhikab/flexibility_project/flexibility_prediction/Data/feature_vectors/5HT2B/6DRX.pkl
Could not find atom " CG " of A:48 for chi1
Could not find atom " CG " of A:49 for chi1
Could not find atom " CG " of A:50 for chi1
Could not find atom " CG " of A:53 for chi1
Could not find atom " CG " of A:59 for chi1
Could not find atom " CG " of A:82 for chi1
Could not find atom " CE " of A:84 for chi3
Could not find atom " CG " of A:118 for chi1
Could not find atom " CG " of A:120 for chi1
Could not find atom " CG " of A:123 for chi1
Could not find atom " CG " of A:125 for chi1
Could not find atom " CG1" of A:126 for chi1
Could not find atom " HG " of A:128 for chi2
Could not find atom " CG " of A:153 for chi1
Could not find atom " CG " of A:159 for chi1
Could not find atom " CG1" of A:161 for chi1
Could not find atom " CG " of A:162 for chi1
Could not find atom " CG " of A:164 for chi1
Could not find atom " CG " of A:165 for chi1
Could not find atom " CG " of A:166 for chi1
Could not find atom " CZ " of A:169 for chi4
Could not find atom " CG " of A:175 for chi1
Could not find atom " CG " of A:193 for chi1
Could not find atom " CG " of A:196 for chi1
Could not find atom " OG1" of A:197 for chi1
Could not find atom " CG " of A:201 for chi1
Could not find atom " CG " of A:203 for chi1
Could not find atom " CG1" of A:205 for chi1
Could not find atom " HG " of A:207 for chi2
Could not find atom " CG1" of A:208 for chi1
Could not find atom " CG " of A:1004 for chi1
Could not find atom " CG " of A:1008 for chi1
Could not find atom " CG " of A:1012 for chi1
Could not find atom " CG " of A:1015 for chi1
Could not find atom " CG1" of A:1017 for chi1
Could not find atom " CG " of A:1018 for chi1
Could not find atom " CG " of A:1019 for chi1
Could not find atom " CG " of A:1021 for chi1
Could not find atom " CG " of A:1022 for chi1
Could not find atom " CG " of A:1027 for chi1
Could not find atom " CG " of A:1028 for chi1
Could not find atom " CG " of A:1030 for chi1
Could not find atom " CG " of A:1034 for chi1
Could not find atom " CG " of A:321 for chi1
Could not find atom " CD " of A:324 for chi2
Could not find atom " HG " of A:350 for chi2
Could not find atom " CG " of A:351 for chi1
Could not find atom " HG " of A:353 for chi2
Could not find atom " OG1" of A:357 for chi1
Could not find atom " CG " of A:360 for chi1
Could not find atom " CG " of A:385 for chi1
Could not find atom " CG " of A:398 for chi1
Could not find atom " CG " of A:400 for chi1
Could not find atom " CG " of A:1060 for chi1
Could not find atom " CG " of A:1062 for chi1
Could not find atom " CG " of A:1065 for chi1
Could not find atom " CG " of A:1068 for chi1
Could not find atom " CG1" of A:1069 for chi1
Could not find atom " CG1" of A:1072 for chi1
Could not find atom " CG " of A:1073 for chi1
Could not find atom " CG " of A:1074 for chi1
Could not find atom " CG " of A:1076 for chi1
Could not find atom " CG " of A:1077 for chi1
Could not find atom " CG " of A:1080 for chi1
Could not find atom " CG " of A:1081 for chi1
Could not find atom " CG " of A:1083 for chi1
Could not find atom " CG1" of A:1084 for chi1
Could not find atom " CG " of A:1085 for chi1
Could not find atom " CG " of A:1086 for chi1
Could not find atom " CD " of A:1092 for chi2
Could not find atom " CG " of A:1093 for chi1
Could not find atom " CG " of A:1095 for chi1
Could not find atom " CG " of A:1098 for chi1
Could not find atom " CG " of A:1103 for chi1
Could not find atom " CG " of A:1104 for chi1
Could not find atom " CG " of A:1105 for chi1
Num exceptions = 76
