5HT2B /home/users/sidhikab/flexibility_project/flexibility_prediction/Data/feature_vectors/5HT2B/6DRZ.pkl
Could not find atom " CG1" of A:42 for chi1
Could not find atom " CG " of A:44 for chi1
Could not find atom " CG " of A:45 for chi1
Could not find atom " CG " of A:46 for chi1
Could not find atom " CG " of A:47 for chi1
Could not find atom " CG " of A:48 for chi1
Could not find atom " CG1" of A:48A for chi1
Could not find atom " CG1" of A:49 for chi1
Could not find atom " CG " of A:49A for chi1
Could not find atom " CG " of A:50 for chi1
Could not find atom " CG " of A:50A for chi1
Could not find atom " CG " of A:53 for chi1
Could not find atom " CG " of A:82 for chi1
Could not find atom " CG " of A:83 for chi1
Could not find atom " CG " of A:84 for chi1
Could not find atom " OG1" of A:89 for chi1
Could not find atom " CG " of A:91 for chi1
Could not find atom " CG " of A:118 for chi1
Could not find atom " CG " of A:120 for chi1
Could not find atom " CG " of A:125 for chi1
Could not find atom " HG " of A:128 for chi2
Could not find atom " CG " of A:153 for chi1
Could not find atom " CG " of A:158 for chi1
Could not find atom " CG " of A:159 for chi1
Could not find atom " CG1" of A:161 for chi1
Could not find atom " CG " of A:162 for chi1
Could not find atom " CG " of A:165 for chi1
Could not find atom " OG " of A:167 for chi1
Could not find atom " CG " of A:169 for chi1
Could not find atom " CG " of A:196 for chi1
Could not find atom " OG1" of A:197 for chi1
Could not find atom " CG1" of A:197B for chi1
Could not find atom " CG " of A:201 for chi1
Could not find atom " CG " of A:202 for chi1
Could not find atom " CG " of A:204 for chi1
Could not find atom " CG " of A:204A for chi1
Could not find atom " OG1" of A:206 for chi1
Could not find atom " HG " of A:207 for chi2
Could not find atom " CG " of A:216 for chi1
Could not find atom " CG " of A:242 for chi1
Could not find atom " CG " of A:246 for chi1
Could not find atom " CG " of A:1004 for chi1
Could not find atom " CG " of A:1008 for chi1
Could not find atom " CG " of A:1012 for chi1
Could not find atom " CG " of A:1015 for chi1
Could not find atom " CG " of A:1018 for chi1
Could not find atom " CG " of A:1019 for chi1
Could not find atom " CG " of A:1022 for chi1
Could not find atom " CG " of A:1025 for chi1
Could not find atom " CG1" of A:1026 for chi1
Could not find atom " CG " of A:1027 for chi1
Could not find atom " CG " of A:1028 for chi1
Could not find atom " CG " of A:1032 for chi1
Could not find atom " CG " of A:1042 for chi1
Could not find atom " CG " of A:321 for chi1
Could not find atom " CG " of A:324 for chi1
Could not find atom " HG " of A:350 for chi2
Could not find atom " CG " of A:351 for chi1
Could not find atom " HG " of A:353 for chi2
Could not find atom " CG " of A:363 for chi1
Could not find atom " CG " of A:385 for chi1
Could not find atom " CG " of A:400 for chi1
Could not find atom " CG " of A:1077 for chi1
Could not find atom " CG " of A:1080 for chi1
Could not find atom " CG " of A:1081 for chi1
Could not find atom " CG " of A:1083 for chi1
Could not find atom " CG1" of A:1084 for chi1
Could not find atom " CG " of A:1085 for chi1
Could not find atom " CG " of A:1086 for chi1
Could not find atom " CG " of A:1088 for chi1
Could not find atom " CG " of A:1092 for chi1
Could not find atom " CG " of A:1093 for chi1
Could not find atom " CG " of A:1095 for chi1
Could not find atom " OG1" of A:1096 for chi1
Could not find atom " CG " of A:1102 for chi1
Could not find atom " CG " of A:1103 for chi1
Could not find atom " CG " of A:1105 for chi1
Num exceptions = 77
