NR3C1 1P93 /home/users/sidhikab/flexibility_project/flexibility_prediction/Data/feature_vectors/NR3C1/1P93.pkl
Could not find atom " CG " of A:631 for chi1
Could not find atom " CG " of B:879 for chi1
Could not find atom " CG " of C:1126 for chi1
Could not find atom " CG " of D:1373 for chi1
Could not find atom " CG " of E:1517 for chi1
Could not find atom " CG " of E:1518 for chi1
Could not find atom " CG " of E:1519 for chi1
Could not find atom " CG " of E:1520 for chi1
Could not find atom " CG " of E:1521 for chi1
Could not find atom " CG " of E:1522 for chi1
Could not find atom " CG " of E:1523 for chi1
Could not find atom " CG " of E:1524 for chi1
Could not find atom " CG " of F:1526 for chi1
Could not find atom " CG " of F:1527 for chi1
Could not find atom " CG " of F:1528 for chi1
Could not find atom " CG " of F:1529 for chi1
Could not find atom " CG " of F:1530 for chi1
Could not find atom " CG " of F:1531 for chi1
Could not find atom " CG " of F:1532 for chi1
Could not find atom " CG " of F:1533 for chi1
Could not find atom " CG " of G:1535 for chi1
Could not find atom " CG " of G:1536 for chi1
Could not find atom " CG " of G:1537 for chi1
Could not find atom " CG " of G:1538 for chi1
Could not find atom " CG " of G:1539 for chi1
Could not find atom " CG " of G:1540 for chi1
Could not find atom " CG " of G:1541 for chi1
Could not find atom " CG " of G:1542 for chi1
Could not find atom " CG " of H:1544 for chi1
Could not find atom " CG " of H:1545 for chi1
Could not find atom " CG " of H:1546 for chi1
Could not find atom " CG " of H:1547 for chi1
Could not find atom " CG " of H:1548 for chi1
Could not find atom " CG " of H:1549 for chi1
Could not find atom " CG " of H:1550 for chi1
Could not find atom " CG " of H:1551 for chi1
Num exceptions = 36
