NR3C1 3E7C /home/users/sidhikab/flexibility_project/flexibility_prediction/Data/feature_vectors/NR3C1/3E7C.pkl
Could not find atom " CG " of A:527 for chi1
Could not find atom " CG " of A:678 for chi1
Could not find atom " CE " of A:703 for chi3
Could not find atom " CG " of A:705 for chi1
Could not find atom " CD " of A:727 for chi2
Could not find atom " CD " of A:740 for chi2
Could not find atom " OG " of A:741 for chi1
Could not find atom " CD1" of A:742 for chi2
Could not find atom " OG " of A:758C for chi1
Could not find atom " CG " of A:758D for chi1
Could not find atom " CG " of A:768A for chi1
Could not find atom " CG " of B:777 for chi1
Could not find atom " CD " of B:794 for chi2
Could not find atom " NE " of B:866 for chi3
Could not find atom " CD " of B:882 for chi2
Could not find atom " CG " of B:927 for chi1
Could not find atom " CG " of B:928 for chi1
Could not find atom " CG " of B:953 for chi1
Could not find atom " OG " of B:954 for chi1
Could not find atom " CG " of B:958 for chi1
Could not find atom " OG " of B:991 for chi1
Could not find atom " CG " of B:993 for chi1
Could not find atom " OG " of B:1010 for chi1
Could not find atom " CG " of B:1011 for chi1
Could not find atom " CG " of B:1013 for chi1
Could not find atom " CG " of D:1042 for chi1
Num exceptions = 26
