NR3C1 3K23 /home/users/sidhikab/flexibility_project/flexibility_prediction/Data/feature_vectors/NR3C1/3K23.pkl
Could not find atom " CG " of A:284 for chi1
Could not find atom " OG " of A:307 for chi1
Could not find atom " OG1" of A:312 for chi1
Could not find atom " CG " of A:332 for chi1
Could not find atom " CG " of A:370 for chi1
Could not find atom " CG " of A:371 for chi1
Could not find atom " CG " of A:388 for chi1
Could not find atom " CG " of A:390 for chi1
Could not find atom " CG " of A:391 for chi1
Could not find atom " CG " of A:393 for chi1
Could not find atom " CG " of A:435 for chi1
Could not find atom " CG1" of A:440 for chi1
Could not find atom " CG " of A:446 for chi1
Could not find atom " CG " of A:454 for chi1
Could not find atom " OG " of A:460 for chi1
Could not find atom " CG " of A:461 for chi1
Could not find atom " CG " of A:494 for chi1
Could not find atom " CG " of A:498 for chi1
Could not find atom " CG " of A:516 for chi1
Could not find atom " CG " of A:518 for chi1
Could not find atom " CG " of B:527 for chi1
Could not find atom " CG " of B:542 for chi1
Could not find atom " CG " of B:677 for chi1
Could not find atom " CG " of B:684 for chi1
Could not find atom " CG " of B:703 for chi1
Could not find atom " CG " of B:704 for chi1
Could not find atom " CG " of B:706 for chi1
Could not find atom " CG " of B:713 for chi1
Could not find atom " CG " of B:717 for chi1
Could not find atom " CG " of B:730 for chi1
Could not find atom " CG " of B:739 for chi1
Could not find atom " OG " of B:741 for chi1
Could not find atom " CG " of B:746E for chi1
Could not find atom " CG " of B:755B for chi1
Could not find atom " CG " of B:768 for chi1
Could not find atom " CG " of C:777 for chi1
Could not find atom " CG " of C:779 for chi1
Could not find atom " CG " of C:780 for chi1
Could not find atom " OG1" of C:808 for chi1
Could not find atom " CG " of C:828 for chi1
Could not find atom " CG " of C:840 for chi1
Could not find atom " CG " of C:843 for chi1
Could not find atom " CG " of C:845 for chi1
Could not find atom " CG " of C:850 for chi1
Could not find atom " CG " of C:867 for chi1
Could not find atom " OG " of C:868 for chi1
Could not find atom " OG " of C:869 for chi1
Could not find atom " CG " of C:882 for chi1
Could not find atom " CG " of C:883 for chi1
Could not find atom " CG " of C:884 for chi1
Could not find atom " CG " of C:888 for chi1
Could not find atom " CG " of C:891 for chi1
Could not find atom " CG " of C:892 for chi1
Could not find atom " CG " of C:893 for chi1
Could not find atom " CG " of C:894 for chi1
Could not find atom " CG " of C:896 for chi1
Could not find atom " CG " of C:897 for chi1
Could not find atom " CG " of C:900 for chi1
Could not find atom " CG " of C:904 for chi1
Could not find atom " CG " of C:909 for chi1
Could not find atom " CG " of C:930 for chi1
Could not find atom " CG " of C:933 for chi1
Could not find atom " CG " of C:935 for chi1
Could not find atom " CG " of C:939 for chi1
Could not find atom " CG " of C:946 for chi1
Could not find atom " CG " of C:954 for chi1
Could not find atom " CG " of C:956 for chi1
Could not find atom " CG " of C:958 for chi1
Could not find atom " OG " of C:959 for chi1
Could not find atom " OG " of C:960 for chi1
Could not find atom " CG " of C:961 for chi1
Could not find atom " CG " of C:978 for chi1
Could not find atom " CG " of C:981 for chi1
Could not find atom " CG " of C:985 for chi1
Could not find atom " CG " of C:989 for chi1
Could not find atom " CG " of C:996 for chi1
Could not find atom " CG " of C:1015 for chi1
Could not find atom " CG " of C:1017 for chi1
Could not find atom " CG " of D:1026 for chi1
Could not find atom " CG " of E:1032 for chi1
Could not find atom " CG " of E:1034 for chi1
Could not find atom " CG " of E:1036 for chi1
Could not find atom " CG " of F:1042 for chi1
Could not find atom " CG " of F:1047 for chi1
Could not find atom " CG " of F:1051 for chi1
Num exceptions = 85
