BACE1 3LPI /home/users/sidhikab/flexibility_project/flexibility_prediction/Data/feature_vectors/BACE1/3LPI.pkl
Could not find atom " HG " of A:155 for chi2
0 36.23784134575628
1 29.01279798501467
2 37.184285779697234
3 31.290862656045494
4 33.43702044778835
5 29.01279798501467
6 30.768410630487523
7 29.01279798501467
8 29.45461479613409
9 29.01279798501467
10 38.64855525773931
Could not find atom " HG " of A:217 for chi2
Could not find atom " HG " of A:269 for chi2
Could not find atom " HG " of A:319 for chi2
Could not find atom " HG " of A:359 for chi2
Could not find atom " HG " of A:382 for chi2
Could not find atom " HG " of B:545 for chi2
Could not find atom " HG " of B:607 for chi2
Could not find atom " HG " of B:659 for chi2
Could not find atom " HG " of B:709 for chi2
Could not find atom " HG " of B:749 for chi2
Could not find atom " HG " of B:772 for chi2
Num exceptions = 12
