BACE1 3LPK /home/users/sidhikab/flexibility_project/flexibility_prediction/Data/feature_vectors/BACE1/3LPK.pkl
Could not find atom " HG " of A:155 for chi2
0 36.61240911528248
1 28.99747584457541
2 37.8381428425528
3 31.62092700497769
4 33.25134088038417
5 28.99747584457541
6 31.086047832638478
7 28.99747584457541
8 29.617620944611186
9 28.99747584457541
10 38.92131616923073
Could not find atom " HG " of A:217 for chi2
Could not find atom " HG " of A:269 for chi2
Could not find atom " HG " of A:319 for chi2
Could not find atom " HG " of A:359 for chi2
Could not find atom " HG " of A:382 for chi2
Could not find atom " HG " of B:545 for chi2
Could not find atom " HG " of B:607 for chi2
Could not find atom " HG " of B:659 for chi2
Could not find atom " HG " of B:709 for chi2
Could not find atom " HG " of B:749 for chi2
Could not find atom " HG " of B:772 for chi2
Num exceptions = 12
