JAK2 4C61 /home/users/sidhikab/flexibility_project/flexibility_prediction/Data/feature_vectors/JAK2/4C61.pkl
Could not find atom " CG " of A:846 for chi1
There is no rotamer information for residue HIE 
Could not find atom " CG " of A:850 for chi1
Could not find atom " CG " of A:872 for chi1
Could not find atom " CG " of A:885 for chi1
There is no rotamer information for residue HID 
Could not find atom " CG " of A:889 for chi1
Could not find atom " CG " of A:890 for chi1
There is no rotamer information for residue HIP 
Could not find atom " CG " of A:893 for chi1
There is no rotamer information for residue HIE 
Could not find atom " CG " of A:912 for chi1
Could not find atom " CG " of A:946 for chi1
Could not find atom " NE " of A:947 for chi3
There is no rotamer information for residue HIE 
There is no rotamer information for residue HIE 
Could not find atom " CG " of A:1003 for chi1
There is no rotamer information for residue PTR 
There is no rotamer information for residue PTR 
Could not find atom " CG " of A:1015 for chi1
Could not find atom " CG " of A:1053 for chi1
Could not find atom " CG " of A:1070 for chi1
Could not find atom " CG " of A:1076 for chi1
Could not find atom " CG " of A:1083 for chi1
Could not find atom " CG " of A:1117 for chi1
Could not find atom " CG " of A:1121 for chi1
Could not find atom " CG " of A:1125 for chi1
Could not find atom " CG " of A:1129 for chi1
Could not find atom " CG " of B:843 for chi1
Could not find atom " CG " of B:846 for chi1
Could not find atom " CG " of B:847 for chi1
There is no rotamer information for residue HIE 
Could not find atom " CG " of B:850 for chi1
Could not find atom " CG " of B:857 for chi1
Could not find atom " CG " of B:859 for chi1
Could not find atom " CG " of B:860 for chi1
Could not find atom " CG " of B:872 for chi1
Could not find atom " CG " of B:883 for chi1
There is no rotamer information for residue HIE 
Could not find atom " CD " of B:906 for chi2
There is no rotamer information for residue HIE 
Could not find atom " CG " of B:912 for chi1
Could not find atom " CG " of B:946 for chi1
There is no rotamer information for residue HIE 
There is no rotamer information for residue HIE 
There is no rotamer information for residue PTR 
There is no rotamer information for residue PTR 
Could not find atom " CG " of B:1011 for chi1
Could not find atom " CG " of B:1012 for chi1
Could not find atom " CG " of B:1015 for chi1
Could not find atom " CG " of B:1053 for chi1
Could not find atom " CG " of B:1070 for chi1
Could not find atom " CG " of B:1072 for chi1
Could not find atom " CD " of B:1129 for chi2
Num exceptions = 54
