JAK2 4C62 /home/users/sidhikab/flexibility_project/flexibility_prediction/Data/feature_vectors/JAK2/4C62.pkl
Could not find atom " CG " of A:850 for chi1
Could not find atom " CG " of A:871 for chi1
Could not find atom " CD " of A:872 for chi2
Could not find atom " CG " of A:885 for chi1
There is no rotamer information for residue HID 
Could not find atom " CG " of A:889 for chi1
Could not find atom " CG " of A:890 for chi1
There is no rotamer information for residue HIE 
Could not find atom " CG " of A:893 for chi1
Could not find atom " CE " of A:903 for chi3
Could not find atom " CG " of A:906 for chi1
There is no rotamer information for residue HIE 
Could not find atom " CG " of A:912 for chi1
Could not find atom " CG " of A:923 for chi1
There is no rotamer information for residue HIE 
There is no rotamer information for residue HIE 
Could not find atom " CG " of A:1003 for chi1
Could not find atom " CG " of A:1005 for chi1
There is no rotamer information for residue PTR 
There is no rotamer information for residue PTR 
Could not find atom " CD " of A:1030 for chi2
Could not find atom " CG " of A:1076 for chi1
Could not find atom " CG " of A:1083 for chi1
Could not find atom " CG " of B:843 for chi1
Could not find atom " CG " of B:845 for chi1
Could not find atom " CG " of B:846 for chi1
Could not find atom " CG " of B:847 for chi1
Could not find atom " CG " of B:850 for chi1
Could not find atom " CG " of B:857 for chi1
There is no rotamer information for residue HIE 
Could not find atom " CG " of B:893 for chi1
Could not find atom " CG " of B:903 for chi1
There is no rotamer information for residue HIE 
Could not find atom " CG " of B:946 for chi1
There is no rotamer information for residue HIE 
Could not find atom " CD " of B:962 for chi2
There is no rotamer information for residue HIE 
Could not find atom " CG " of B:1003 for chi1
There is no rotamer information for residue PTR 
There is no rotamer information for residue PTR 
Could not find atom " CG " of B:1011 for chi1
Could not find atom " CG " of B:1012 for chi1
Could not find atom " CG " of B:1015 for chi1
Could not find atom " CG " of B:1053 for chi1
Num exceptions = 44
