F10 /home/users/sidhikab/flexibility_project/flexibility_prediction/Data/feature_vectors/F10/1XKA.pkl
Could not find atom " HG " of A:22 for chi2
Could not find atom " HG " of A:27 for chi2
Could not find atom " HG " of A:42 for chi2
Could not find atom " HG " of A:58 for chi2
Can't do adjustment - atoms are in a ring: 1135, 1138
Can't do adjustment - atoms are in a ring: 1213, 1216
There is no rotamer information for residue HIE 
Could not find atom " HG " of A:122 for chi2
There is no rotamer information for residue HIE 
Could not find atom " HG " of A:168 for chi2
Could not find atom " HG " of A:182 for chi2
Could not find atom " HG " of A:191 for chi2
Could not find atom " HG " of A:220 for chi2
Could not find atom " HG " of B:50 for chi2
Could not find atom " HG " of B:55 for chi2
Could not find atom " HG " of B:61 for chi2
Could not find atom " HG " of B:70 for chi2
Could not find atom " HG " of B:72 for chi2
Could not find atom " HG " of B:81 for chi2
Could not find atom " HG " of B:89 for chi2
Could not find atom " HG " of B:96 for chi2
Could not find atom " HG " of B:100 for chi2
Could not find atom " HG " of B:109 for chi2
Could not find atom " HG " of B:111 for chi2
Could not find atom " HG " of B:124 for chi2
Could not find atom " HG " of B:132 for chi2
Num exceptions = 26
