F10 /home/users/sidhikab/flexibility_project/flexibility_prediction/Data/feature_vectors/F10/2J2U.pkl
Could not find atom " HG " of A:22 for chi2
Could not find atom " HG " of A:27 for chi2
Could not find atom " HG " of A:42 for chi2
Could not find atom " HG " of A:58 for chi2
Could not find atom " HG " of A:122 for chi2
Could not find atom " HG " of A:168 for chi2
Could not find atom " HG " of A:182 for chi2
Could not find atom " HG " of A:191 for chi2
Could not find atom " HG " of A:220 for chi2
Could not find atom " HG " of B:1 for chi2
Could not find atom " HG " of B:8 for chi2
Could not find atom " HG " of B:12 for chi2
Could not find atom " HG " of B:21 for chi2
Could not find atom " HG " of B:23 for chi2
Could not find atom " HG " of B:36 for chi2
Could not find atom " HG " of B:44 for chi2
Could not find atom " CG " of B:243A for chi1
Could not find atom " CG " of B:243B for chi1
Num exceptions = 18
