5HT2B 6DRY /home/users/sidhikab/flexibility_project/flexibility_prediction/Data/feature_vectors/5HT2B/6DRY.pkl
Could not find atom " CG " of A:43 for chi1
Could not find atom " CG " of A:44 for chi1
Could not find atom " CG " of A:45 for chi1
Could not find atom " CG1" of A:46 for chi1
Could not find atom " CG " of A:53 for chi1
Could not find atom " CG " of A:83 for chi1
Could not find atom " CG " of A:84 for chi1
Could not find atom " CG " of A:117A for chi1
Could not find atom " HG " of A:128 for chi2
Could not find atom " CG " of A:153 for chi1
Could not find atom " CG " of A:158 for chi1
Could not find atom " CG " of A:159 for chi1
Could not find atom " CG1" of A:161 for chi1
Could not find atom " CG " of A:162 for chi1
Could not find atom " CG " of A:164 for chi1
Could not find atom " CG " of A:201 for chi1
Could not find atom " CG " of A:201A for chi1
Could not find atom " HG " of A:207 for chi2
Could not find atom " CG " of A:216 for chi1
Could not find atom " CG " of A:246 for chi1
Could not find atom " CG " of A:1008 for chi1
Could not find atom " CG " of A:1015 for chi1
Could not find atom " CG " of A:1019 for chi1
Could not find atom " CG " of A:1021 for chi1
Could not find atom " CG " of A:1027 for chi1
Could not find atom " CG " of A:1042 for chi1
Could not find atom " CG " of A:165 for chi1
Could not find atom " CG " of A:169 for chi1
Could not find atom " CG1" of A:195 for chi1
Could not find atom " CG " of A:196 for chi1
Could not find atom " OG1" of A:197 for chi1
Could not find atom " CG " of A:321 for chi1
Could not find atom " CG " of A:324 for chi1
Could not find atom " HG " of A:350 for chi2
Could not find atom " HG " of A:353 for chi2
Could not find atom " CG " of A:400 for chi1
Could not find atom " CG " of A:1060D for chi1
Could not find atom " CG " of A:1077 for chi1
Could not find atom " CG " of A:1083 for chi1
Could not find atom " CG " of A:1085 for chi1
Could not find atom " OG1" of A:1096 for chi1
Could not find atom " CG " of A:1102 for chi1
Could not find atom " CG " of A:1103 for chi1
Num exceptions = 43
