5HT2B 6DS0 /home/users/sidhikab/flexibility_project/flexibility_prediction/Data/feature_vectors/5HT2B/6DS0.pkl
Could not find atom " CG " of A:53 for chi1
Could not find atom " CE " of A:84 for chi3
Could not find atom " CG " of A:118 for chi1
Could not find atom " CG " of A:120 for chi1
Could not find atom " CG1" of A:126 for chi1
Could not find atom " HG " of A:128 for chi2
Could not find atom " CG " of A:159 for chi1
Could not find atom " CG1" of A:161 for chi1
Could not find atom " CG " of A:162 for chi1
Could not find atom " CG " of A:164 for chi1
Could not find atom " CG " of A:203 for chi1
Could not find atom " CG1" of A:205 for chi1
Could not find atom " HG " of A:207 for chi2
Could not find atom " CG " of A:212 for chi1
Could not find atom " OG " of A:168 for chi1
Could not find atom " CZ " of A:169 for chi4
Could not find atom " CG1" of A:195 for chi1
Could not find atom " CD " of A:196 for chi2
Could not find atom " OG1" of A:197 for chi1
Could not find atom " CG " of A:321 for chi1
Could not find atom " CD " of A:324 for chi2
Could not find atom " HG " of A:350 for chi2
Could not find atom " CG " of A:351 for chi1
Could not find atom " HG " of A:353 for chi2
Could not find atom " OG1" of A:357 for chi1
Could not find atom " CG " of A:385 for chi1
Could not find atom " CG " of A:1059 for chi1
Could not find atom " CG " of A:1061 for chi1
Could not find atom " CG " of A:1065 for chi1
Could not find atom " CG " of A:1073 for chi1
Could not find atom " CG " of A:1074 for chi1
Could not find atom " CG " of A:1083 for chi1
Could not find atom " CG1" of A:1084 for chi1
Could not find atom " CD " of A:1092 for chi2
Num exceptions = 34
