PDE10A /home/users/sidhikab/flexibility_project/flexibility_prediction/Data/feature_vectors/PDE10A/4MRZ.pkl
Could not find atom " OG " of A:453 for chi1
Could not find atom " CG " of A:454 for chi1
Could not find atom " CG " of A:461 for chi1
Could not find atom " CG " of A:470 for chi1
Could not find atom " HG " of A:502 for chi2
Could not find atom " CG " of A:506 for chi1
Could not find atom " CE " of A:517 for chi3
Could not find atom " NE " of A:521 for chi3
Can't do adjustment - atoms are in a ring: 1332, 1335
Could not find atom " HG " of A:536 for chi2
Can't do adjustment - atoms are in a ring: 1864, 1867
Can't do adjustment - atoms are in a ring: 1881, 1884
Could not find atom " CD " of A:577 for chi2
Could not find atom " CG " of A:606 for chi1
Could not find atom " CD " of A:647 for chi2
Can't do adjustment - atoms are in a ring: 3608, 3611
Could not find atom " CD " of A:753 for chi2
Could not find atom " CD " of A:770 for chi2
Could not find atom " OG1" of A:773 for chi1
Could not find atom " CG1" of A:775 for chi1
Num exceptions = 20
