SMO /home/users/sidhikab/flexibility_project/flexibility_prediction/Data/feature_vectors/SMO/4O9R.pkl
Could not find atom " HG " of A:193 for chi2
Could not find atom " HG " of A:213 for chi2
Could not find atom " HG " of A:217 for chi2
There is no rotamer information for residue HIE 
Could not find atom " CG " of A:261 for chi1
Could not find atom " CG " of A:291 for chi1
Could not find atom " HG " of A:295 for chi2
Could not find atom " HG " of A:314 for chi2
Could not find atom " CG " of A:344 for chi1
Could not find atom " CG " of A:356 for chi1
There is no rotamer information for residue HIE 
Could not find atom " HG " of A:390 for chi2
Could not find atom " CG " of A:430 for chi1
There is no rotamer information for residue HIE 
Could not find atom " CG " of A:444 for chi1
Could not find atom " CG " of A:446 for chi1
Could not find atom " CG " of A:485 for chi1
Could not find atom " HG " of A:490 for chi2
Could not find atom " CG " of A:491 for chi1
Could not find atom " CG1" of A:496 for chi1
Could not find atom " HG " of A:507 for chi2
Could not find atom " CG " of A:510 for chi1
There is no rotamer information for residue GLH 
Could not find atom " CG " of A:539 for chi1
Could not find atom " CG " of A:546 for chi1
Could not find atom " CG " of A:547 for chi1
Could not find atom " CG " of A:549 for chi1
Could not find atom " CG " of A:551 for chi1
Could not find atom " CD " of A:1019 for chi2
Could not find atom " CG " of A:1027 for chi1
Could not find atom " CG " of A:1042 for chi1
Could not find atom " CG " of A:1047 for chi1
Could not find atom " CG " of A:1050 for chi1
Could not find atom " CG " of A:1054 for chi1
Could not find atom " CG " of A:1059 for chi1
Could not find atom " CG " of A:1077 for chi1
Could not find atom " CG " of A:1083 for chi1
Could not find atom " CG " of A:1085 for chi1
Num exceptions = 38
