SMO /home/users/sidhikab/flexibility_project/flexibility_prediction/Data/feature_vectors/SMO/4QIM.pkl
Could not find atom " HG " of A:193 for chi2
Could not find atom " CG " of A:194 for chi1
Could not find atom " HG " of A:213 for chi2
Could not find atom " HG " of A:217 for chi2
There is no rotamer information for residue HIE 
Could not find atom " CG " of A:257 for chi1
Could not find atom " CG " of A:261 for chi1
Could not find atom " HG " of A:295 for chi2
Could not find atom " HG " of A:314 for chi2
There is no rotamer information for residue HIE 
Could not find atom " OG " of A:354 for chi1
Could not find atom " CG " of A:356 for chi1
There is no rotamer information for residue HIE 
Could not find atom " HG " of A:390 for chi2
Could not find atom " OD1" of A:432 for chi2
Could not find atom " OG " of A:443 for chi1
Could not find atom " CG " of A:444 for chi1
Could not find atom " CG " of A:447 for chi1
There is no rotamer information for residue HIE 
Could not find atom " CZ " of A:482 for chi4
Could not find atom " HG " of A:490 for chi2
Could not find atom " OG1" of A:495 for chi1
Could not find atom " HG " of A:507 for chi2
Could not find atom " CG " of A:508 for chi1
Could not find atom " CG " of A:539 for chi1
Could not find atom " CG " of A:546 for chi1
Could not find atom " CZ " of A:547 for chi4
Could not find atom " CG " of A:552 for chi1
Could not find atom " OG1" of A:553 for chi1
Could not find atom " CG " of A:1004 for chi1
Could not find atom " CG " of A:1005 for chi1
Could not find atom " CD " of A:1042 for chi2
Could not find atom " CG " of A:1047 for chi1
Could not find atom " CG " of A:1048 for chi1
Could not find atom " CG " of A:1049 for chi1
Could not find atom " CG " of A:1050 for chi1
Could not find atom " CG " of A:1051 for chi1
Could not find atom " CG " of A:1054 for chi1
Could not find atom " CG " of A:1059 for chi1
Could not find atom " CG " of A:1106 for chi1
Num exceptions = 40
