A2AR 3EML /home/users/sidhikab/flexibility_project/flexibility_prediction/Data/feature_vectors/A2AR/3EML.pkl
Could not find atom " HG " of A:71 for chi2
Could not find atom " HG " of A:74 for chi2
Could not find atom " HG " of A:77 for chi2
Could not find atom " HG " of A:146 for chi2
Could not find atom " HG " of A:159 for chi2
Could not find atom " HG " of A:166 for chi2
0 29.825198353077635
1 30.505766744096608
2 30.32923612055982
3 29.253093732204285
4 30.901762385817115
5 31.209161725835283
6 29.24973329683997
7 31.996168799040127
8 29.249358101712875
9 31.499049867407756
10 29.590417367331913
Could not find atom " HG " of A:259 for chi2
Could not find atom " HG " of A:262 for chi2
There is no rotamer information for residue HIP 
There is no rotamer information for residue HIE 
There is no rotamer information for residue HIP 
Num exceptions = 11
