A2AR 3QAK /home/users/sidhikab/flexibility_project/flexibility_prediction/Data/feature_vectors/A2AR/3QAK.pkl
Could not find atom " HG " of A:71 for chi2
Could not find atom " HG " of A:74 for chi2
There is no rotamer information for residue HIE 
Could not find atom " HG " of A:77 for chi2
Could not find atom " HG " of A:146 for chi2
Could not find atom " HG " of A:159 for chi2
Could not find atom " HG " of A:166 for chi2
0 30.163833024322816
1 60.820184010861304
2 30.402604284264836
3 30.865203355991472
4 35.1254041532668
5 77.77187129312823
6 30.20395704552892
7 94.00001780989379
8 41.456696418484164
9 77.54993190884353
10 35.03069943336502
There is no rotamer information for residue HIE 
There is no rotamer information for residue HIE 
Could not find atom " HG " of A:259 for chi2
Could not find atom " HG " of A:262 for chi2
There is no rotamer information for residue HIP 
There is no rotamer information for residue HIE 
There is no rotamer information for residue HIP 
Could not find atom " CG " of A:1061 for chi1
Could not find atom " CD " of A:1064 for chi2
Num exceptions = 16
