A2AR 4UHR /home/users/sidhikab/flexibility_project/flexibility_prediction/Data/feature_vectors/A2AR/4UHR.pkl
Could not find atom " HG " of A:71 for chi2
Could not find atom " HG " of A:74 for chi2
Could not find atom " HG " of A:77 for chi2
Could not find atom " HG " of A:146 for chi2
Could not find atom " HG " of A:159 for chi2
Could not find atom " HG " of A:166 for chi2
0 28.99571575379193
1 29.31794400060955
2 29.650897962020004
3 29.13978357737213
4 29.407782101592304
5 37.327078711526916
6 28.97002121836353
7 36.76119463007745
8 29.080760792037026
9 29.74409352012861
10 29.12468858997559
Could not find atom " CG " of A:213C for chi1
Could not find atom " CG " of A:213F for chi1
Could not find atom " HG " of A:259 for chi2
Could not find atom " HG " of A:262 for chi2
Num exceptions = 10
