A2AR 5IU7 /home/users/sidhikab/flexibility_project/flexibility_prediction/Data/feature_vectors/A2AR/5IU7.pkl
Could not find atom " HG " of A:71 for chi2
Could not find atom " HG " of A:74 for chi2
There is no rotamer information for residue HIE 
Could not find atom " HG " of A:77 for chi2
Could not find atom " HG " of A:146 for chi2
There is no rotamer information for residue HIE 
Could not find atom " HG " of A:159 for chi2
Could not find atom " HG " of A:166 for chi2
0 29.441065109848363
1 29.257188853558468
2 29.442101121807703
3 29.305935612421
4 37.86216257544237
5 31.159360398918892
6 29.256577809398156
7 30.821312113654464
8 29.25698353478167
9 29.839264159951195
10 34.021248009549296
There is no rotamer information for residue HIE 
There is no rotamer information for residue HIE 
Could not find atom " HG " of A:259 for chi2
Could not find atom " HG " of A:262 for chi2
There is no rotamer information for residue HIP 
Num exceptions = 13
