A2AR 5IU8 /home/users/sidhikab/flexibility_project/flexibility_prediction/Data/feature_vectors/A2AR/5IU8.pkl
Could not find atom " HG " of A:71 for chi2
Could not find atom " HG " of A:74 for chi2
There is no rotamer information for residue HIE 
Could not find atom " HG " of A:77 for chi2
Could not find atom " HG " of A:146 for chi2
There is no rotamer information for residue HIE 
Could not find atom " HG " of A:159 for chi2
Could not find atom " HG " of A:166 for chi2
0 29.33235971833449
1 29.15635334402067
2 29.346454630302777
3 29.282881091615614
4 38.65834914252728
5 31.368519947554645
6 29.167902534431484
7 30.876278069052184
8 29.16094050050018
9 29.638644734420836
10 35.427899847910496
There is no rotamer information for residue HIE 
Could not find atom " HG " of A:259 for chi2
Could not find atom " HG " of A:262 for chi2
There is no rotamer information for residue HIP 
Num exceptions = 12
