A2AR 5IUA /home/users/sidhikab/flexibility_project/flexibility_prediction/Data/feature_vectors/A2AR/5IUA.pkl
Could not find atom " HG " of A:71 for chi2
Could not find atom " HG " of A:74 for chi2
There is no rotamer information for residue HIE 
Could not find atom " HG " of A:77 for chi2
Could not find atom " HG " of A:146 for chi2
There is no rotamer information for residue HIE 
Could not find atom " HG " of A:159 for chi2
Could not find atom " HG " of A:166 for chi2
0 29.2865477365244
1 29.182155175548335
2 29.34085779242502
3 29.220817755500025
4 37.40671379447924
5 31.245759813079108
6 29.179153904294886
7 30.943462471869946
8 29.179261800667557
9 29.745621001610107
10 33.91698484999553
There is no rotamer information for residue HIE 
Could not find atom " HG " of A:259 for chi2
Could not find atom " HG " of A:262 for chi2
There is no rotamer information for residue HIP 
Num exceptions = 12
