A2AR 5IUB /home/users/sidhikab/flexibility_project/flexibility_prediction/Data/feature_vectors/A2AR/5IUB.pkl
Could not find atom " HG " of A:71 for chi2
Could not find atom " HG " of A:74 for chi2
There is no rotamer information for residue HIE 
Could not find atom " HG " of A:77 for chi2
Could not find atom " HG " of A:146 for chi2
Could not find atom " HG " of A:159 for chi2
Could not find atom " HG " of A:166 for chi2
0 29.23140068980023
1 29.077193128985623
2 29.26583237833022
3 29.26772296505748
4 38.14894576989603
5 30.919637378453768
6 29.07668669489228
7 30.86104202212729
8 29.114873068757174
9 29.807289372095852
10 35.49848153212556
There is no rotamer information for residue HIE 
There is no rotamer information for residue HIE 
Could not find atom " HG " of A:259 for chi2
Could not find atom " HG " of A:262 for chi2
There is no rotamer information for residue HIP 
Num exceptions = 12
