A2AR 5OLH /home/users/sidhikab/flexibility_project/flexibility_prediction/Data/feature_vectors/A2AR/5OLH.pkl
Could not find atom " HG " of A:71 for chi2
Could not find atom " HG " of A:74 for chi2
There is no rotamer information for residue HIE 
Could not find atom " HG " of A:77 for chi2
Could not find atom " HG " of A:146 for chi2
Could not find atom " HG " of A:159 for chi2
Could not find atom " HG " of A:166 for chi2
0 29.522513085990585
1 29.339625384786444
2 29.492365060818532
3 29.373084106036778
4 38.07446027729503
5 31.258328093574185
6 29.347511721408278
7 31.44422798668384
8 29.33470876770763
9 29.84988826406668
10 34.085824311622545
There is no rotamer information for residue HIE 
There is no rotamer information for residue HIE 
Could not find atom " HG " of A:259 for chi2
Could not find atom " HG " of A:262 for chi2
There is no rotamer information for residue HIP 
Num exceptions = 12
