A2AR 5OLO /home/users/sidhikab/flexibility_project/flexibility_prediction/Data/feature_vectors/A2AR/5OLO.pkl
Could not find atom " HG " of A:71 for chi2
Could not find atom " HG " of A:74 for chi2
Could not find atom " HG " of A:77 for chi2
Could not find atom " HG " of A:146 for chi2
Could not find atom " HG " of A:159 for chi2
Could not find atom " HG " of A:166 for chi2
0 29.34201828551115
1 55.668181027326305
2 29.899864605978678
3 29.630667916928438
4 34.159751593213926
5 76.78107493859599
6 29.36670177572645
7 82.55378207190262
8 39.192514375372554
9 65.87979689220734
10 32.33324591533471
There is no rotamer information for residue HIE 
There is no rotamer information for residue HIE 
Could not find atom " HG " of A:259 for chi2
Could not find atom " HG " of A:262 for chi2
Num exceptions = 10
