A2AR 5OLV /home/users/sidhikab/flexibility_project/flexibility_prediction/Data/feature_vectors/A2AR/5OLV.pkl
Could not find atom " HG " of A:71 for chi2
Could not find atom " HG " of A:74 for chi2
Could not find atom " HG " of A:77 for chi2
Could not find atom " HG " of A:146 for chi2
Could not find atom " HG " of A:159 for chi2
Could not find atom " HG " of A:166 for chi2
0 29.182342270734363
1 29.112540488826458
2 29.302107753395855
3 29.08716367373097
4 34.56152738040593
5 31.979128462214764
6 29.08716367373097
7 31.208837613182368
8 29.08716367373097
9 29.31094946533285
10 32.20623827320728
There is no rotamer information for residue HIE 
There is no rotamer information for residue HIE 
Could not find atom " HG " of A:259 for chi2
Could not find atom " HG " of A:262 for chi2
There is no rotamer information for residue HIP 
Num exceptions = 11
