A2AR 5UIG /home/users/sidhikab/flexibility_project/flexibility_prediction/Data/feature_vectors/A2AR/5UIG.pkl
Could not find atom " CG1" of A:55 for chi1
Could not find atom " HG " of A:71 for chi2
Could not find atom " HG " of A:74 for chi2
There is no rotamer information for residue HID 
Could not find atom " HG " of A:77 for chi2
Could not find atom " CG " of A:78 for chi1
Could not find atom " CG1" of A:92 for chi1
Could not find atom " CG1" of A:104 for chi1
Could not find atom " CG " of A:111 for chi1
Could not find atom " CG " of A:115 for chi1
Could not find atom " OG1" of A:117 for chi1
Could not find atom " CG " of A:120 for chi1
Could not find atom " CG1" of A:124 for chi1
Could not find atom " CG1" of A:127 for chi1
Could not find atom " CG " of A:137 for chi1
Could not find atom " CG " of A:141 for chi1
Could not find atom " HG " of A:146 for chi2
Could not find atom " CG " of A:148 for chi1
Could not find atom " HG " of A:159 for chi2
Could not find atom " CG " of A:161 for chi1
Could not find atom " HG " of A:166 for chi2
0 35.31729318451104
1 30.19812581652243
2 32.198030384485435
3 30.164861219303457
4 39.03909000881115
5 29.85700501514102
6 30.145364107514364
7 32.81841539576281
8 30.09961343767252
9 32.983361448312905
10 39.456704008740054
Could not find atom " CG " of A:205 for chi1
Could not find atom " CG " of A:1004 for chi1
Could not find atom " CG " of A:1008 for chi1
Could not find atom " CG " of A:1015 for chi1
Could not find atom " CG " of A:1018 for chi1
Could not find atom " CG " of A:1019 for chi1
Could not find atom " CG " of A:1042 for chi1
Could not find atom " CG " of A:1047 for chi1
Could not find atom " CG " of A:1048 for chi1
Could not find atom " CG " of A:220 for chi1
Could not find atom " OG " of A:223 for chi1
Could not find atom " CG " of A:227 for chi1
Could not find atom " CG1" of A:229 for chi1
There is no rotamer information for residue HIE 
Could not find atom " CG " of A:255 for chi1
Could not find atom " HG " of A:259 for chi2
Could not find atom " CG " of A:261 for chi1
Could not find atom " HG " of A:262 for chi2
Could not find atom " OG " of A:263 for chi1
There is no rotamer information for residue HIP 
Could not find atom " CG " of A:293 for chi1
Could not find atom " CG " of A:297 for chi1
Could not find atom " CG " of A:300 for chi1
Could not find atom " CG " of A:301 for chi1
Could not find atom " CG " of A:304 for chi1
Could not find atom " OG " of A:305 for chi1
Could not find atom " CG1" of A:307 for chi1
Could not find atom " CG " of A:308 for chi1
Could not find atom " CG " of A:309 for chi1
Could not find atom " CG " of A:1057 for chi1
Could not find atom " CG " of A:1058 for chi1
Could not find atom " CG " of A:1062 for chi1
Could not find atom " CG " of A:1085 for chi1
Could not find atom " CG " of A:1092 for chi1
Could not find atom " CG " of A:1104 for chi1
Num exceptions = 56
