ELANE 5A0C /home/users/sidhikab/flexibility_project/flexibility_prediction/Data/feature_vectors/ELANE/5A0C.pkl
Could not find atom " HG " of A:42 for chi2
Could not find atom " HG " of A:58 for chi2
Could not find atom " HG " of A:136 for chi2
0 30.380962165039012
1 77.82423311904398
2 29.779059247016644
3 40.14442910185599
4 30.96887425755767
5 55.98875548242216
6 43.87002452064778
7 59.81063285215253
8 56.189200743178034
9 79.86814253319658
10 34.21001982094481
Could not find atom " HG " of A:168 for chi2
Could not find atom " HG " of A:182 for chi2
Could not find atom " HG " of A:191 for chi2
Could not find atom " HG " of A:201 for chi2
Could not find atom " HG " of A:220 for chi2
Could not find atom " HG " of B:269 for chi2
Could not find atom " HG " of B:285 for chi2
Could not find atom " HG " of B:365 for chi2
Could not find atom " HG " of B:395 for chi2
Could not find atom " HG " of B:401 for chi2
Could not find atom " HG " of B:412 for chi2
Could not find atom " HG " of B:422 for chi2
Could not find atom " HG " of B:437 for chi2
Num exceptions = 16
