B2AR 2RH1 /home/users/sidhikab/flexibility_project/flexibility_prediction/Data/feature_vectors/B2AR/2RH1.pkl
Could not find atom " CG " of A:29 for chi1
Could not find atom " HG " of A:106 for chi2
0 35.26924059947871
1 31.511912731060125
2 47.72155475289901
3 30.658168911850517
4 31.17704300457336
5 36.94749039718302
6 35.06256411351217
7 42.97665572370191
8 31.800859040259738
9 32.47307433361909
10 33.39888160830101
Could not find atom " HG " of A:184 for chi2
Could not find atom " HG " of A:190 for chi2
Could not find atom " HG " of A:191 for chi2
Could not find atom " HG " of A:265 for chi2
Could not find atom " HG " of A:341 for chi2
Num exceptions = 7
