B2AR 4LDL /home/users/sidhikab/flexibility_project/flexibility_prediction/Data/feature_vectors/B2AR/4LDL.pkl
Could not find atom " CG " of A:-142 for chi1
Could not find atom " CG " of A:60 for chi1
Could not find atom " CG " of A:62 for chi1
Could not find atom " CG " of A:63 for chi1
Could not find atom " HG " of A:106 for chi2
Could not find atom " CG " of A:149 for chi1
0 59.734527348468816
1 34.11586668818733
2 65.33728442518611
3 49.61573307341822
4 51.46719374307064
5 42.602367323683495
6 50.352521271052076
7 40.85181469649158
8 37.40142598915936
9 32.199101807077845
10 33.114449236813776
Could not find atom " HG " of A:184 for chi2
Could not find atom " HG " of A:190 for chi2
Could not find atom " HG " of A:191 for chi2
Could not find atom " CG " of A:223 for chi1
Could not find atom " CG " of A:224 for chi1
Could not find atom " CG " of A:227 for chi1
Could not find atom " CG " of A:1094 for chi1
Could not find atom " CG " of A:270 for chi1
Could not find atom " CD " of A:299 for chi2
Could not find atom " CG " of A:1152 for chi1
Could not find atom " CG " of A:1159 for chi1
Could not find atom " CG " of A:1160A for chi1
Could not find atom " CG " of B:343 for chi1
Could not find atom " CG " of B:355 for chi1
Could not find atom " HG " of B:364 for chi2
Could not find atom " OG " of B:367 for chi1
Could not find atom " CG " of B:406 for chi1
Could not find atom " HG " of B:437 for chi2
Could not find atom " OG " of B:462 for chi1
Num exceptions = 25
