B2AR 5D6L /home/users/sidhikab/flexibility_project/flexibility_prediction/Data/feature_vectors/B2AR/5D6L.pkl
Could not find atom " CG " of A:29 for chi1
Could not find atom " HG " of A:106 for chi2
0 34.79752432044406
1 30.69634223064139
2 47.72315095661093
3 30.38637760434958
4 30.979986643530864
5 33.77814186548386
6 35.02808299883532
7 37.49797552683531
8 30.90606389611784
9 30.917521946611004
10 33.50846408393842
Could not find atom " HG " of A:184 for chi2
Could not find atom " HG " of A:190 for chi2
Could not find atom " HG " of A:191 for chi2
Could not find atom " HG " of A:265 for chi2
Could not find atom " HG " of A:341 for chi2
Num exceptions = 7
