JAK2 /home/users/sidhikab/flexibility_project/flexibility_prediction/Data/feature_vectors/JAK2/2XA4.pkl
Could not find atom " CG " of A:860 for chi1
Could not find atom " CG " of A:872 for chi1
Could not find atom " CG " of A:885 for chi1
There is no rotamer information for residue HID 
Could not find atom " CG " of A:889 for chi1
Could not find atom " CG " of A:890 for chi1
There is no rotamer information for residue HIE 
There is no rotamer information for residue HIE 
There is no rotamer information for residue HIE 
There is no rotamer information for residue HIE 
There is no rotamer information for residue HIE 
Could not find atom " CG " of A:1003 for chi1
There is no rotamer information for residue PTR 
There is no rotamer information for residue PTR 
Could not find atom " CG " of A:1052 for chi1
Could not find atom " CG " of A:1053 for chi1
Could not find atom " CG " of A:1076 for chi1
Could not find atom " CD " of A:1083 for chi2
Could not find atom " CG " of A:1111 for chi1
Could not find atom " CG " of A:1121 for chi1
Could not find atom " CG " of B:846 for chi1
Could not find atom " CG " of B:847 for chi1
There is no rotamer information for residue HIP 
Could not find atom " CG " of B:850 for chi1
Could not find atom " CG " of B:872 for chi1
Could not find atom " CG " of B:884 for chi1
Could not find atom " CG " of B:885 for chi1
There is no rotamer information for residue HIE 
Could not find atom " CG " of B:947 for chi1
There is no rotamer information for residue HIE 
There is no rotamer information for residue HIE 
There is no rotamer information for residue PTR 
There is no rotamer information for residue PTR 
Could not find atom " CG " of B:1012 for chi1
Could not find atom " CG " of B:1015 for chi1
Could not find atom " CG " of B:1053 for chi1
Num exceptions = 36
