JAK2 /home/users/sidhikab/flexibility_project/flexibility_prediction/Data/feature_vectors/JAK2/3KRR.pkl
Could not find atom " OG " of A:839 for chi1
Could not find atom " CD " of A:846 for chi2
There is no rotamer information for residue HIE 
Could not find atom " CG " of A:859 for chi1
Could not find atom " CD1" of A:860 for chi2
Could not find atom " CD " of A:893 for chi2
There is no rotamer information for residue HIE 
Could not find atom " CD " of A:943 for chi2
Could not find atom " CG " of A:946 for chi1
Could not find atom " CG " of A:947 for chi1
There is no rotamer information for residue HIE 
There is no rotamer information for residue HIE 
Could not find atom " CG " of A:1003 for chi1
Could not find atom " CD " of A:1005 for chi2
There is no rotamer information for residue PTR 
There is no rotamer information for residue PTR 
Could not find atom " CD " of A:1009 for chi2
Could not find atom " CE " of A:1011 for chi3
Could not find atom " CD " of A:1053 for chi2
Num exceptions = 19
