JAK2 /home/users/sidhikab/flexibility_project/flexibility_prediction/Data/feature_vectors/JAK2/3ZMM.pkl
Could not find atom " CG " of A:885 for chi1
There is no rotamer information for residue HID 
Could not find atom " CG " of A:889 for chi1
Could not find atom " CG " of A:890 for chi1
There is no rotamer information for residue HIE 
Could not find atom " CG " of A:893 for chi1
Could not find atom " CG " of A:906 for chi1
There is no rotamer information for residue HIE 
Could not find atom " CG " of A:923 for chi1
There is no rotamer information for residue HIE 
There is no rotamer information for residue HIE 
Could not find atom " CG " of A:1003 for chi1
Could not find atom " CG " of A:1005 for chi1
There is no rotamer information for residue PTR 
There is no rotamer information for residue PTR 
Could not find atom " CD " of A:1053 for chi2
Could not find atom " CG " of A:1070 for chi1
Could not find atom " CG " of A:1083 for chi1
Could not find atom " CG " of B:843 for chi1
There is no rotamer information for residue HIE 
Could not find atom " CG " of B:850 for chi1
Could not find atom " CD " of B:857 for chi2
Could not find atom " CG " of B:860 for chi1
Could not find atom " CG " of B:872 for chi1
There is no rotamer information for residue HIE 
There is no rotamer information for residue HIE 
There is no rotamer information for residue HIE 
There is no rotamer information for residue HIE 
There is no rotamer information for residue PTR 
There is no rotamer information for residue PTR 
Could not find atom " CG " of B:1011 for chi1
Could not find atom " CG " of B:1015 for chi1
There is no rotamer information for residue ACE 
There is no rotamer information for residue ACE 
There is no rotamer information for residue ACE 
Num exceptions = 35
