JAK2 /home/users/sidhikab/flexibility_project/flexibility_prediction/Data/feature_vectors/JAK2/4BBE.pkl
Could not find atom " CB " of A:872 for chi1
There is no rotamer information for residue HIE 
There is no rotamer information for residue HIE 
There is no rotamer information for residue HIE 
There is no rotamer information for residue HIE 
There is no rotamer information for residue HIE 
There is no rotamer information for residue HIE 
Could not find atom " CB " of B:872 for chi1
There is no rotamer information for residue HIE 
There is no rotamer information for residue HIE 
There is no rotamer information for residue HIE 
There is no rotamer information for residue ASH 
There is no rotamer information for residue HIE 
There is no rotamer information for residue HIE 
Could not find atom " CB " of C:872 for chi1
There is no rotamer information for residue HIE 
There is no rotamer information for residue HIE 
There is no rotamer information for residue HIE 
There is no rotamer information for residue HIE 
There is no rotamer information for residue HIE 
There is no rotamer information for residue HIE 
Could not find atom " CB " of D:872 for chi1
There is no rotamer information for residue HIE 
There is no rotamer information for residue HIE 
There is no rotamer information for residue HIE 
There is no rotamer information for residue GLH 
There is no rotamer information for residue HIE 
Num exceptions = 27
