ERA /home/users/sidhikab/flexibility_project/flexibility_prediction/Data/feature_vectors/ERA/1ERR.pkl
Could not find atom " CG " of A:332 for chi1
Could not find atom " CG " of A:333 for chi1
Could not find atom " CD " of A:397 for chi2
Could not find atom " CG " of A:416 for chi1
Could not find atom " CG " of A:419 for chi1
There is no rotamer information for residue CCS 
Could not find atom " CG " of A:470 for chi1
Could not find atom " CG " of A:471 for chi1
Could not find atom " CG " of A:472 for chi1
Could not find atom " CZ " of A:477 for chi4
Could not find atom " CD " of A:492 for chi2
Could not find atom " CG " of A:528H for chi1
Could not find atom " CG " of B:377 for chi1
Could not find atom " CD " of B:397 for chi2
Could not find atom " CG " of B:416 for chi1
Could not find atom " CG " of B:419 for chi1
Could not find atom " CG " of B:423 for chi1
There is no rotamer information for residue CCS 
Could not find atom " CG " of B:469 for chi1
Could not find atom " CG " of B:470 for chi1
Could not find atom " CG " of B:471 for chi1
Could not find atom " CG " of B:472 for chi1
Could not find atom " CZ " of B:477 for chi4
Could not find atom " CG " of B:533 for chi1
Could not find atom " CG " of B:546 for chi1
Could not find atom " CG " of B:547 for chi1
Num exceptions = 26
