ERA /home/users/sidhikab/flexibility_project/flexibility_prediction/Data/feature_vectors/ERA/1L2I.pkl
Could not find atom " CG " of A:306 for chi1
Could not find atom " OG " of A:309 for chi1
Could not find atom " CG " of A:330 for chi1
Could not find atom " CG " of A:332 for chi1
Could not find atom " CG " of A:335A for chi1
Could not find atom " CG " of A:397 for chi1
Could not find atom " CG " of A:401 for chi1
Could not find atom " CG " of A:411 for chi1
Could not find atom " CG " of A:419 for chi1
Could not find atom " CG " of A:423 for chi1
Could not find atom " CG " of A:437 for chi1
Could not find atom " CG " of A:459 for chi1
There is no rotamer information for residue CCS 
Could not find atom " CG " of A:469 for chi1
Could not find atom " CG " of A:470 for chi1
Could not find atom " CG " of A:472 for chi1
Could not find atom " CG " of A:473 for chi1
Could not find atom " CG " of A:477 for chi1
Could not find atom " CG " of A:484 for chi1
Could not find atom " CG " of A:526 for chi1
Could not find atom " CG " of A:531 for chi1
Could not find atom " CG " of A:531A for chi1
Could not find atom " CG " of A:534 for chi1
Could not find atom " CG " of A:534B for chi1
Could not find atom " CG " of B:332 for chi1
There is no rotamer information for residue CCS 
Could not find atom " CG " of B:472 for chi1
Could not find atom " CG " of B:473 for chi1
Could not find atom " CG " of B:531 for chi1
Could not find atom " CG " of C:545 for chi1
Could not find atom " CG " of C:546 for chi1
Could not find atom " CG " of D:555 for chi1
Could not find atom " CG " of D:557 for chi1
Num exceptions = 33
