TRPV1 /home/users/sidhikab/flexibility_project/flexibility_prediction/Data/feature_vectors/TRPV1/5IS0.pkl
Could not find atom " CG " of B:356 for chi1
Could not find atom " CG1" of B:357 for chi1
There is no rotamer information for residue HID 
Could not find atom " CG " of B:361 for chi1
Could not find atom " CG " of B:363 for chi1
There is no rotamer information for residue HID 
Could not find atom " CG " of B:365 for chi1
Could not find atom " CG " of B:371 for chi1
Could not find atom " CG " of B:372 for chi1
Could not find atom " CG " of B:374 for chi1
There is no rotamer information for residue HID 
Could not find atom " CG " of B:383 for chi1
Could not find atom " OG " of B:385 for chi1
Could not find atom " SG " of B:386 for chi1
Could not find atom " CG1" of B:387 for chi1
Could not find atom " CG " of B:388 for chi1
Could not find atom " OG1" of B:389 for chi1
Could not find atom " SG " of B:390 for chi1
Could not find atom " CG " of B:391 for chi1
Could not find atom " CG " of B:392 for chi1
Could not find atom " CG " of B:393 for chi1
Could not find atom " CG " of B:397 for chi1
Could not find atom " OG " of B:403 for chi1
Could not find atom " OG " of B:404 for chi1
Could not find atom " CG " of B:405 for chi1
Could not find atom " CG " of B:408 for chi1
Could not find atom " CG " of B:416 for chi1
Could not find atom " CG " of B:427 for chi1
Could not find atom " CG " of B:458 for chi1
Could not find atom " CG " of B:460 for chi1
Could not find atom " CB " of B:464 for chi1
Could not find atom " CB " of B:465 for chi1
Could not find atom " CB " of B:466 for chi1
Could not find atom " CB " of B:467 for chi1
Could not find atom " CB " of B:468 for chi1
Could not find atom " CB " of B:469 for chi1
Could not find atom " CG " of B:497 for chi1
Could not find atom " OG " of B:502 for chi1
Could not find atom " CG " of B:503 for chi1
Could not find atom " CG " of B:504 for chi1
Could not find atom " OG " of B:505 for chi1
Could not find atom " CG " of B:506 for chi1
Could not find atom " CG " of B:507 for chi1
Could not find atom " CG1" of B:508 for chi1
Could not find atom " CG " of B:509 for chi1
Could not find atom " CG " of B:536 for chi1
Could not find atom " CG " of B:601 for chi1
Could not find atom " CG " of B:648 for chi1
Could not find atom " CG " of B:651 for chi1
Could not find atom " CG " of B:654 for chi1
Could not find atom " CG " of B:684 for chi1
Could not find atom " CG " of B:692 for chi1
Could not find atom " CG " of B:707 for chi1
Could not find atom " CG " of B:710 for chi1
Could not find atom " OG " of B:711 for chi1
Could not find atom " CG " of B:712 for chi1
Could not find atom " CG " of B:714 for chi1
Could not find atom " SG " of B:715 for chi1
Could not find atom " CG " of B:716 for chi1
Could not find atom " CG " of B:717 for chi1
Could not find atom " CG " of B:718 for chi1
Could not find atom " CG " of B:720 for chi1
Could not find atom " CG " of B:721 for chi1
Could not find atom " OG " of B:722 for chi1
Could not find atom " CG " of B:725 for chi1
Could not find atom " CG " of B:726 for chi1
Could not find atom " CG " of B:727 for chi1
Could not find atom " CG1" of B:728 for chi1
Could not find atom " CG " of B:730 for chi1
Could not find atom " OG1" of B:731 for chi1
Could not find atom " CG " of B:733 for chi1
Could not find atom " CG " of B:735 for chi1
Could not find atom " CG " of B:736 for chi1
Could not find atom " CG " of B:737 for chi1
Could not find atom " CG " of B:738 for chi1
Could not find atom " CG " of B:739 for chi1
Could not find atom " CG " of B:740 for chi1
Could not find atom " CG " of B:742 for chi1
Could not find atom " CG " of B:745 for chi1
Could not find atom " CG " of B:746 for chi1
Could not find atom " CG1" of B:747 for chi1
Could not find atom " CG " of B:748 for chi1
Could not find atom " CG " of B:749 for chi1
Could not find atom " OG1" of B:750 for chi1
Could not find atom " OG1" of B:751 for chi1
Could not find atom " CG " of A:356 for chi1
Could not find atom " CG1" of A:357 for chi1
There is no rotamer information for residue HID 
Could not find atom " CG " of A:361 for chi1
Could not find atom " CG " of A:363 for chi1
There is no rotamer information for residue HID 
Could not find atom " CG " of A:365 for chi1
Could not find atom " CG " of A:371 for chi1
Could not find atom " CG " of A:372 for chi1
Could not find atom " CG " of A:374 for chi1
There is no rotamer information for residue HID 
Could not find atom " CG " of A:383 for chi1
Could not find atom " OG " of A:385 for chi1
Could not find atom " SG " of A:386 for chi1
Could not find atom " CG1" of A:387 for chi1
Could not find atom " CG " of A:388 for chi1
Could not find atom " OG1" of A:389 for chi1
Could not find atom " SG " of A:390 for chi1
Could not find atom " CG " of A:391 for chi1
Could not find atom " CG " of A:392 for chi1
Could not find atom " CG " of A:393 for chi1
Could not find atom " CG " of A:397 for chi1
Could not find atom " OG " of A:403 for chi1
Could not find atom " OG " of A:404 for chi1
Could not find atom " CG " of A:405 for chi1
Could not find atom " CG " of A:408 for chi1
Could not find atom " CG " of A:416 for chi1
Could not find atom " CG " of A:427 for chi1
Could not find atom " CG " of A:458 for chi1
Could not find atom " CG " of A:460 for chi1
Could not find atom " CB " of A:464 for chi1
Could not find atom " CB " of A:465 for chi1
Could not find atom " CB " of A:466 for chi1
Could not find atom " CB " of A:467 for chi1
Could not find atom " CB " of A:468 for chi1
Could not find atom " CB " of A:469 for chi1
Could not find atom " CG " of A:497 for chi1
Could not find atom " OG " of A:502 for chi1
Could not find atom " CG " of A:503 for chi1
Could not find atom " CG " of A:504 for chi1
Could not find atom " OG " of A:505 for chi1
Could not find atom " CG " of A:506 for chi1
Could not find atom " CG " of A:507 for chi1
Could not find atom " CG1" of A:508 for chi1
Could not find atom " CG " of A:509 for chi1
Could not find atom " CG " of A:536 for chi1
Could not find atom " CG " of A:601 for chi1
Could not find atom " CG " of A:648 for chi1
Could not find atom " CG " of A:651 for chi1
Could not find atom " CG " of A:654 for chi1
Could not find atom " CG " of A:684 for chi1
Could not find atom " CG " of A:692 for chi1
Could not find atom " CG " of A:707 for chi1
Could not find atom " CG " of A:710 for chi1
Could not find atom " OG " of A:711 for chi1
Could not find atom " CG " of A:712 for chi1
Could not find atom " CG " of A:714 for chi1
Could not find atom " SG " of A:715 for chi1
Could not find atom " CG " of A:716 for chi1
Could not find atom " CG " of A:717 for chi1
Could not find atom " CG " of A:718 for chi1
Could not find atom " CG " of A:720 for chi1
Could not find atom " CG " of A:721 for chi1
Could not find atom " OG " of A:722 for chi1
Could not find atom " CG " of A:725 for chi1
Could not find atom " CG " of A:726 for chi1
Could not find atom " CG " of A:727 for chi1
Could not find atom " CG1" of A:728 for chi1
Could not find atom " CG " of A:730 for chi1
Could not find atom " OG1" of A:731 for chi1
Could not find atom " CG " of A:733 for chi1
Could not find atom " CG " of A:735 for chi1
Could not find atom " CG " of A:736 for chi1
Could not find atom " CG " of A:737 for chi1
Could not find atom " CG " of A:738 for chi1
Could not find atom " CG " of A:739 for chi1
Could not find atom " CG " of A:740 for chi1
Could not find atom " CG " of A:742 for chi1
Could not find atom " CG " of A:745 for chi1
Could not find atom " CG " of A:746 for chi1
Could not find atom " CG1" of A:747 for chi1
Could not find atom " CG " of A:748 for chi1
Could not find atom " CG " of A:749 for chi1
Could not find atom " OG1" of A:750 for chi1
Could not find atom " OG1" of A:751 for chi1
Could not find atom " CG " of C:356 for chi1
Could not find atom " CG1" of C:357 for chi1
There is no rotamer information for residue HID 
Could not find atom " CG " of C:361 for chi1
Could not find atom " CG " of C:363 for chi1
There is no rotamer information for residue HID 
Could not find atom " CG " of C:365 for chi1
Could not find atom " CG " of C:371 for chi1
Could not find atom " CG " of C:372 for chi1
Could not find atom " CG " of C:374 for chi1
There is no rotamer information for residue HID 
Could not find atom " CG " of C:383 for chi1
Could not find atom " OG " of C:385 for chi1
Could not find atom " SG " of C:386 for chi1
Could not find atom " CG1" of C:387 for chi1
Could not find atom " CG " of C:388 for chi1
Could not find atom " OG1" of C:389 for chi1
Could not find atom " SG " of C:390 for chi1
Could not find atom " CG " of C:391 for chi1
Could not find atom " CG " of C:392 for chi1
Could not find atom " CG " of C:393 for chi1
Could not find atom " CG " of C:397 for chi1
Could not find atom " OG " of C:403 for chi1
Could not find atom " OG " of C:404 for chi1
Could not find atom " CG " of C:405 for chi1
Could not find atom " CG " of C:408 for chi1
Could not find atom " CG " of C:416 for chi1
Could not find atom " CG " of C:427 for chi1
Could not find atom " CG " of C:458 for chi1
Could not find atom " CG " of C:460 for chi1
Could not find atom " CB " of C:464 for chi1
Could not find atom " CB " of C:465 for chi1
Could not find atom " CB " of C:466 for chi1
Could not find atom " CB " of C:467 for chi1
Could not find atom " CB " of C:468 for chi1
Could not find atom " CB " of C:469 for chi1
Could not find atom " CG " of C:497 for chi1
Could not find atom " OG " of C:502 for chi1
Could not find atom " CG " of C:503 for chi1
Could not find atom " CG " of C:504 for chi1
Could not find atom " OG " of C:505 for chi1
Could not find atom " CG " of C:506 for chi1
Could not find atom " CG " of C:507 for chi1
Could not find atom " CG1" of C:508 for chi1
Could not find atom " CG " of C:509 for chi1
Could not find atom " CG " of C:536 for chi1
Could not find atom " CG " of C:601 for chi1
Could not find atom " CG " of C:648 for chi1
Could not find atom " CG " of C:651 for chi1
Could not find atom " CG " of C:654 for chi1
Could not find atom " CG " of C:684 for chi1
Could not find atom " CG " of C:692 for chi1
Could not find atom " CG " of C:707 for chi1
Could not find atom " CG " of C:710 for chi1
Could not find atom " OG " of C:711 for chi1
Could not find atom " CG " of C:712 for chi1
Could not find atom " CG " of C:714 for chi1
Could not find atom " SG " of C:715 for chi1
Could not find atom " CG " of C:716 for chi1
Could not find atom " CG " of C:717 for chi1
Could not find atom " CG " of C:718 for chi1
Could not find atom " CG " of C:720 for chi1
Could not find atom " CG " of C:721 for chi1
Could not find atom " OG " of C:722 for chi1
Could not find atom " CG " of C:725 for chi1
Could not find atom " CG " of C:726 for chi1
Could not find atom " CG " of C:727 for chi1
Could not find atom " CG1" of C:728 for chi1
Could not find atom " CG " of C:730 for chi1
Could not find atom " OG1" of C:731 for chi1
Could not find atom " CG " of C:733 for chi1
Could not find atom " CG " of C:735 for chi1
Could not find atom " CG " of C:736 for chi1
Could not find atom " CG " of C:737 for chi1
Could not find atom " CG " of C:738 for chi1
Could not find atom " CG " of C:739 for chi1
Could not find atom " CG " of C:740 for chi1
Could not find atom " CG " of C:742 for chi1
Could not find atom " CG " of C:745 for chi1
Could not find atom " CG " of C:746 for chi1
Could not find atom " CG1" of C:747 for chi1
Could not find atom " CG " of C:748 for chi1
Could not find atom " CG " of C:749 for chi1
Could not find atom " OG1" of C:750 for chi1
Could not find atom " OG1" of C:751 for chi1
Could not find atom " CG " of D:356 for chi1
Could not find atom " CG1" of D:357 for chi1
There is no rotamer information for residue HID 
Could not find atom " CG " of D:361 for chi1
Could not find atom " CG " of D:363 for chi1
There is no rotamer information for residue HID 
Could not find atom " CG " of D:365 for chi1
Could not find atom " CG " of D:371 for chi1
Could not find atom " CG " of D:372 for chi1
Could not find atom " CG " of D:374 for chi1
There is no rotamer information for residue HID 
Could not find atom " CG " of D:383 for chi1
Could not find atom " OG " of D:385 for chi1
Could not find atom " SG " of D:386 for chi1
Could not find atom " CG1" of D:387 for chi1
Could not find atom " CG " of D:388 for chi1
Could not find atom " OG1" of D:389 for chi1
Could not find atom " SG " of D:390 for chi1
Could not find atom " CG " of D:391 for chi1
Could not find atom " CG " of D:392 for chi1
Could not find atom " CG " of D:393 for chi1
Could not find atom " CG " of D:397 for chi1
Could not find atom " OG " of D:403 for chi1
Could not find atom " OG " of D:404 for chi1
Could not find atom " CG " of D:405 for chi1
Could not find atom " CG " of D:408 for chi1
Could not find atom " CG " of D:416 for chi1
Could not find atom " CG " of D:427 for chi1
Could not find atom " CG " of D:458 for chi1
Could not find atom " CG " of D:460 for chi1
Could not find atom " CB " of D:464 for chi1
Could not find atom " CB " of D:465 for chi1
Could not find atom " CB " of D:466 for chi1
Could not find atom " CB " of D:467 for chi1
Could not find atom " CB " of D:468 for chi1
Could not find atom " CB " of D:469 for chi1
Could not find atom " CG " of D:497 for chi1
Could not find atom " OG " of D:502 for chi1
Could not find atom " CG " of D:503 for chi1
Could not find atom " CG " of D:504 for chi1
Could not find atom " OG " of D:505 for chi1
Could not find atom " CG " of D:506 for chi1
Could not find atom " CG " of D:507 for chi1
Could not find atom " CG1" of D:508 for chi1
Could not find atom " CG " of D:509 for chi1
Could not find atom " CG " of D:536 for chi1
Could not find atom " CG " of D:601 for chi1
Could not find atom " CG " of D:648 for chi1
Could not find atom " CG " of D:651 for chi1
Could not find atom " CG " of D:654 for chi1
Could not find atom " CG " of D:684 for chi1
Could not find atom " CG " of D:692 for chi1
Could not find atom " CG " of D:707 for chi1
Could not find atom " CG " of D:710 for chi1
Could not find atom " OG " of D:711 for chi1
Could not find atom " CG " of D:712 for chi1
Could not find atom " CG " of D:714 for chi1
Could not find atom " SG " of D:715 for chi1
Could not find atom " CG " of D:716 for chi1
Could not find atom " CG " of D:717 for chi1
Could not find atom " CG " of D:718 for chi1
Could not find atom " CG " of D:720 for chi1
Could not find atom " CG " of D:721 for chi1
Could not find atom " OG " of D:722 for chi1
Could not find atom " CG " of D:725 for chi1
Could not find atom " CG " of D:726 for chi1
Could not find atom " CG " of D:727 for chi1
Could not find atom " CG1" of D:728 for chi1
Could not find atom " CG " of D:730 for chi1
Could not find atom " OG1" of D:731 for chi1
Could not find atom " CG " of D:733 for chi1
Could not find atom " CG " of D:735 for chi1
Could not find atom " CG " of D:736 for chi1
Could not find atom " CG " of D:737 for chi1
Could not find atom " CG " of D:738 for chi1
Could not find atom " CG " of D:739 for chi1
Could not find atom " CG " of D:740 for chi1
Could not find atom " CG " of D:742 for chi1
Could not find atom " CG " of D:745 for chi1
Could not find atom " CG " of D:746 for chi1
Could not find atom " CG1" of D:747 for chi1
Could not find atom " CG " of D:748 for chi1
Could not find atom " CG " of D:749 for chi1
Could not find atom " OG1" of D:750 for chi1
Could not find atom " OG1" of D:751 for chi1
Num exceptions = 340
