PLK1 /home/users/sidhikab/flexibility_project/flexibility_prediction/Data/feature_vectors/PLK1/3THB.pkl
Could not find atom " CG " of A:42 for chi1
Could not find atom " CG1" of A:43 for chi1
Could not find atom " CG " of A:44 for chi1
Could not find atom " CG " of A:48 for chi1
Could not find atom " OG " of A:49 for chi1
Could not find atom " CG " of A:50 for chi1
Could not find atom " CG " of A:51 for chi1
Could not find atom " CG " of A:74 for chi1
Could not find atom " CG " of A:76 for chi1
Could not find atom " CG1" of A:83 for chi1
Could not find atom " CG " of A:134 for chi1
Could not find atom " CG " of A:169 for chi1
Could not find atom " CG " of A:171 for chi1
Could not find atom " CG " of A:209 for chi1
Could not find atom " CG " of A:225 for chi1
Could not find atom " CG " of A:264 for chi1
Could not find atom " CG " of A:265 for chi1
Could not find atom " CG " of A:267 for chi1
Could not find atom " CG " of A:272 for chi1
Could not find atom " CG " of A:324 for chi1
Num exceptions = 20
