SIGMAR1 /home/users/sidhikab/flexibility_project/flexibility_prediction/Data/feature_vectors/SIGMAR1/5HK1.pkl
Could not find atom " CG " of A:8 for chi1
Could not find atom " CG " of A:9 for chi1
Could not find atom " CG " of A:11 for chi1
Could not find atom " CG " of A:33 for chi1
Could not find atom " CG " of B:1 for chi1
Could not find atom " CG " of B:29 for chi1
Could not find atom " CG " of B:33 for chi1
Could not find atom " CG " of B:40 for chi1
Could not find atom " CG " of B:41 for chi1
Could not find atom " CG " of B:44 for chi1
Could not find atom " CG " of B:47 for chi1
Could not find atom " CG " of B:219 for chi1
Could not find atom " CG " of C:2 for chi1
Could not find atom " CG " of C:7 for chi1
Could not find atom " CG " of C:8 for chi1
Could not find atom " CG " of C:9 for chi1
Could not find atom " CG " of C:14 for chi1
Could not find atom " CG " of C:15 for chi1
Could not find atom " CG " of C:142 for chi1
Num exceptions = 19
