SIGMAR1 /home/users/sidhikab/flexibility_project/flexibility_prediction/Data/feature_vectors/SIGMAR1/6DK1.pkl
Could not find atom " CG " of A:8 for chi1
Could not find atom " CG " of A:9 for chi1
Could not find atom " CG " of A:11 for chi1
Could not find atom " CG " of A:16 for chi1
Could not find atom " CG1" of A:18 for chi1
Could not find atom " CG " of A:33 for chi1
Could not find atom " OG " of A:34 for chi1
Could not find atom " CG " of A:142 for chi1
Could not find atom " CG " of A:186 for chi1
Could not find atom " CG1" of B:18 for chi1
Could not find atom " CG " of B:24 for chi1
Could not find atom " CG " of B:29 for chi1
Could not find atom " OG " of B:34 for chi1
Could not find atom " CG " of B:41 for chi1
Could not find atom " CG " of B:44 for chi1
Could not find atom " CG " of B:47 for chi1
Could not find atom " CG " of B:53 for chi1
Could not find atom " CG " of B:56 for chi1
Could not find atom " OG " of B:59 for chi1
Could not find atom " CG " of B:61 for chi1
Could not find atom " CG " of B:65 for chi1
Could not find atom " CG " of B:72 for chi1
Could not find atom " OG " of B:125 for chi1
Could not find atom " CG1" of B:153 for chi1
Could not find atom " OG " of B:205 for chi1
Could not find atom " CG " of B:219 for chi1
Could not find atom " OG " of B:219A for chi1
Could not find atom " CG " of C:2 for chi1
Could not find atom " CG1" of C:5 for chi1
Could not find atom " CG " of C:7 for chi1
Could not find atom " CG " of C:8 for chi1
Could not find atom " CG " of C:9 for chi1
Could not find atom " CG " of C:11 for chi1
Could not find atom " CG " of C:14 for chi1
Could not find atom " CG " of C:15 for chi1
Could not find atom " CG " of C:16 for chi1
Could not find atom " CG1" of C:18 for chi1
Could not find atom " CG1" of C:25 for chi1
Could not find atom " CG1" of C:26 for chi1
Could not find atom " CG1" of C:63 for chi1
Could not find atom " CG " of C:142 for chi1
Could not find atom " CG " of C:221 for chi1
Num exceptions = 42
