SLC6A4 5I71 /home/users/sidhikab/flexibility_project/flexibility_prediction/Data/feature_vectors/SLC6A4/5I71.pkl
Could not find atom " OG " of A:75 for chi1
Could not find atom " CG " of A:76 for chi1
Could not find atom " CG " of A:79 for chi1
Could not find atom " CG " of A:82 for chi1
Could not find atom " CG " of A:145 for chi1
Could not find atom " HG " of A:200 for chi2
Could not find atom " CG " of A:201 for chi1
Could not find atom " HG " of A:209 for chi2
Could not find atom " CG " of A:275 for chi1
Could not find atom " CG " of A:463 for chi1
Could not find atom " CG " of A:464 for chi1
Could not find atom " CG " of A:538 for chi1
Could not find atom " CG " of A:597 for chi1
Could not find atom " CG1" of A:598 for chi1
Could not find atom " CG1" of A:599 for chi1
Could not find atom " OG1" of A:600 for chi1
Could not find atom " OG1" of A:603 for chi1
Could not find atom " CG " of A:604 for chi1
Could not find atom " CG " of A:605 for chi1
Could not find atom " CG " of A:606 for chi1
Could not find atom " CG " of A:607 for chi1
Could not find atom " CG1" of A:608 for chi1
Could not find atom " CG1" of A:609 for chi1
Could not find atom " CG " of A:610 for chi1
Could not find atom " OG " of A:611 for chi1
Could not find atom " CG1" of A:612 for chi1
Could not find atom " OG1" of A:613 for chi1
Could not find atom " CG " of A:615 for chi1
Could not find atom " HG " of B:41 for chi2
Could not find atom " HG " of B:115 for chi2
Could not find atom " HG " of B:153 for chi2
Could not find atom " HG " of B:165 for chi2
Could not find atom " HG " of B:220 for chi2
Could not find atom " CG " of B:615A for chi1
Could not find atom " HG " of C:43 for chi2
Could not find atom " HG " of C:108 for chi2
Could not find atom " HG " of C:154 for chi2
Could not find atom " HG " of C:214 for chi2
Could not find atom " CG " of C:232 for chi1
Could not find atom " HG " of C:234 for chi2
Num exceptions = 40
