SLC6A4 6AWN /home/users/sidhikab/flexibility_project/flexibility_prediction/Data/feature_vectors/SLC6A4/6AWN.pkl
Could not find atom " CG " of A:76 for chi1
Could not find atom " CG " of A:145 for chi1
Could not find atom " HG " of A:200 for chi2
Could not find atom " CG " of A:201 for chi1
Could not find atom " HG " of A:209 for chi2
Could not find atom " CG " of A:275 for chi1
Could not find atom " CG " of A:463 for chi1
Could not find atom " CG " of A:464 for chi1
Could not find atom " CG " of A:607 for chi1
Could not find atom " CG " of B:20 for chi1
Could not find atom " HG " of B:41 for chi2
Could not find atom " HG " of B:115 for chi2
Could not find atom " HG " of B:153 for chi2
Could not find atom " HG " of B:165 for chi2
Could not find atom " HG " of B:220 for chi2
Could not find atom " HG " of C:43 for chi2
Could not find atom " HG " of C:108 for chi2
Could not find atom " HG " of C:154 for chi2
Could not find atom " HG " of C:214 for chi2
Could not find atom " CG " of C:232 for chi1
Could not find atom " HG " of C:234 for chi2
Num exceptions = 21
