NR3C2 /home/users/sidhikab/flexibility_project/flexibility_prediction/Data/feature_vectors/NR3C2/2AA5.pkl
Could not find atom " CG " of A:727 for chi1
Could not find atom " CG " of A:732 for chi1
Could not find atom " CG " of A:771 for chi1
Could not find atom " CG " of A:785 for chi1
Could not find atom " CG " of A:791 for chi1
Could not find atom " CG " of A:796 for chi1
Could not find atom " CG " of A:820 for chi1
Could not find atom " CG " of A:825 for chi1
There is no rotamer information for residue HIE 
Could not find atom " CG " of A:861 for chi1
Could not find atom " CG " of A:883 for chi1
Could not find atom " CG " of A:884 for chi1
Could not find atom " CG " of A:893 for chi1
Could not find atom " CG " of A:901 for chi1
Could not find atom " CG " of A:905 for chi1
Could not find atom " CG " of A:909 for chi1
Could not find atom " SG " of A:910 for chi1
Could not find atom " CG " of A:926 for chi1
There is no rotamer information for residue HIE 
Could not find atom " CG " of A:966 for chi1
Could not find atom " CG " of A:977 for chi1
Could not find atom " CG " of B:723 for chi1
Could not find atom " CG " of B:727 for chi1
Could not find atom " CG " of B:732 for chi1
Could not find atom " CG " of B:740 for chi1
Could not find atom " CG " of B:771 for chi1
Could not find atom " CG " of B:791 for chi1
Could not find atom " CG " of B:792 for chi1
Could not find atom " CG " of B:796 for chi1
Could not find atom " CG " of B:820 for chi1
There is no rotamer information for residue HIE 
Could not find atom " CG " of B:861 for chi1
Could not find atom " CG " of B:867 for chi1
Could not find atom " CG " of B:883 for chi1
Could not find atom " CG " of B:901 for chi1
Could not find atom " CG " of B:904 for chi1
Could not find atom " CG " of B:905 for chi1
Could not find atom " CG " of B:916 for chi1
Could not find atom " CG " of B:926 for chi1
There is no rotamer information for residue HIE 
There is no rotamer information for residue HID 
There is no rotamer information for residue HIE 
Num exceptions = 42
