D2 /home/users/sidhikab/flexibility_project/flexibility_prediction/Data/feature_vectors/D2/6CM4.pkl
Could not find atom " CG " of A:35 for chi1
Could not find atom " CG " of A:36 for chi1
Could not find atom " CG " of A:43 for chi1
Could not find atom " CG " of A:62 for chi1
Could not find atom " CG " of A:63 for chi1
Could not find atom " CG1" of A:96 for chi1
Could not find atom " CG " of A:99 for chi1
Could not find atom " CG " of A:101 for chi1
Could not find atom " HG " of A:107 for chi2
Could not find atom " OG1" of A:144 for chi1
Could not find atom " CG " of A:145 for chi1
Could not find atom " OG " of A:147 for chi1
Could not find atom " CG " of A:149 for chi1
Could not find atom " CG " of A:150 for chi1
Could not find atom " CG " of A:176 for chi1
Could not find atom " CG " of A:178 for chi1
Could not find atom " CG " of A:179 for chi1
Could not find atom " CG " of A:180 for chi1
Could not find atom " HG " of A:182 for chi2
Could not find atom " CE " of A:211 for chi3
Could not find atom " CG " of A:217 for chi1
Could not find atom " CG " of A:218 for chi1
Could not find atom " CG " of A:221 for chi1
Could not find atom " CG " of A:222 for chi1
Could not find atom " CG " of A:1016 for chi1
Could not find atom " CG " of A:1019 for chi1
Could not find atom " CG " of A:1022 for chi1
Could not find atom " CG " of A:1032 for chi1
Could not find atom " CG " of A:1033 for chi1
Could not find atom " CG " of A:1035 for chi1
Could not find atom " OG " of A:1036 for chi1
Could not find atom " OG " of A:1038 for chi1
Could not find atom " CG " of A:1040 for chi1
Could not find atom " OG " of A:1044 for chi1
Could not find atom " CG " of A:1045 for chi1
Could not find atom " CG " of A:1048 for chi1
Could not find atom " CG1" of A:1050 for chi1
Could not find atom " CG " of A:1053 for chi1
Could not find atom " OG1" of A:1054 for chi1
Could not find atom " CG " of A:1055 for chi1
Could not find atom " CG1" of A:1057 for chi1
Could not find atom " CG " of A:1060 for chi1
Could not find atom " CG " of A:1065 for chi1
Could not find atom " CG " of A:1080 for chi1
Could not find atom " CG " of A:1083 for chi1
Could not find atom " CG " of A:1085 for chi1
Could not find atom " CG " of A:1116 for chi1
Could not find atom " CG " of A:1127 for chi1
Could not find atom " CG1" of A:1131 for chi1
Could not find atom " CG " of A:1135 for chi1
Could not find atom " CG " of A:1137 for chi1
Could not find atom " CG " of A:1141 for chi1
Could not find atom " CG " of A:1147 for chi1
Could not find atom " OG1" of A:1157 for chi1
Could not find atom " OG " of A:364 for chi1
Could not find atom " CG " of A:365 for chi1
Could not find atom " CG " of A:366 for chi1
Could not find atom " CG " of A:367 for chi1
Could not find atom " CG " of A:369 for chi1
Could not find atom " CG " of A:370 for chi1
Could not find atom " CG1" of A:394 for chi1
Could not find atom " CG " of A:398 for chi1
Could not find atom " HG " of A:399 for chi2
Could not find atom " CG " of A:400 for chi1
Could not find atom " HG " of A:401 for chi2
Could not find atom " CG1" of A:406 for chi1
Could not find atom " CG " of A:407 for chi1
Could not find atom " CG1" of A:431 for chi1
Could not find atom " CG " of A:432 for chi1
Could not find atom " CG " of A:434 for chi1
Could not find atom " CG " of A:435 for chi1
Could not find atom " CG " of A:438 for chi1
Could not find atom " CG " of A:439 for chi1
Could not find atom " CG " of A:442 for chi1
Num exceptions = 74
