NR3C1 /home/users/sidhikab/flexibility_project/flexibility_prediction/Data/feature_vectors/NR3C1/3CLD.pkl
Could not find atom " CG " of A:286 for chi1
Could not find atom " CG " of A:301 for chi1
Could not find atom " CG " of A:335 for chi1
Could not find atom " CG " of A:344 for chi1
Could not find atom " CG " of A:373 for chi1
Could not find atom " CG " of A:374 for chi1
Could not find atom " CG " of A:375 for chi1
Could not find atom " CG " of A:461 for chi1
Could not find atom " CG " of A:494 for chi1
Could not find atom " OG " of A:497 for chi1
Could not find atom " CG " of A:506 for chi1
Could not find atom " CG " of A:515 for chi1
Could not find atom " OG " of A:516 for chi1
Could not find atom " CG " of A:517 for chi1
Could not find atom " CG " of A:519 for chi1
Could not find atom " CG " of B:542 for chi1
Could not find atom " CG " of B:557 for chi1
Could not find atom " CG " of B:585 for chi1
Could not find atom " CG " of B:614 for chi1
Could not find atom " CG " of B:615 for chi1
Could not find atom " CG " of B:619 for chi1
Could not find atom " CG " of B:631 for chi1
Could not find atom " CG " of B:703 for chi1
Could not find atom " CG " of B:710 for chi1
Could not find atom " CG " of B:740 for chi1
Could not find atom " OG " of B:741 for chi1
Could not find atom " CG " of B:746E for chi1
Could not find atom " OG " of B:758C for chi1
Could not find atom " CG " of B:758D for chi1
Could not find atom " CG " of B:768A for chi1
Could not find atom " CG " of C:781 for chi1
Could not find atom " CG " of D:790 for chi1
Num exceptions = 32
