NR3C1 /home/users/sidhikab/flexibility_project/flexibility_prediction/Data/feature_vectors/NR3C1/3K22.pkl
Could not find atom " CG " of A:527 for chi1
Could not find atom " CG " of A:705 for chi1
Could not find atom " CD " of A:735C for chi2
Could not find atom " CB " of A:740B for chi1
Could not find atom " OG " of A:741 for chi1
Could not find atom " CG1" of A:742 for chi1
Could not find atom " OG " of A:758C for chi1
Could not find atom " CG " of A:758D for chi1
Could not find atom " CG " of A:768A for chi1
Could not find atom " OG1" of B:777 for chi1
Could not find atom " CG " of B:778 for chi1
Could not find atom " CG " of B:780 for chi1
Could not find atom " CG " of B:795 for chi1
Could not find atom " CG " of B:838 for chi1
Could not find atom " CG " of B:839 for chi1
Could not find atom " OG " of B:869 for chi1
Could not find atom " CG " of B:883 for chi1
Could not find atom " CG " of B:929 for chi1
Could not find atom " CG " of B:930 for chi1
Could not find atom " CG " of B:955 for chi1
Could not find atom " CG " of B:957 for chi1
Could not find atom " CG " of B:958 for chi1
Could not find atom " OG " of B:959 for chi1
Could not find atom " CD " of B:963 for chi2
Could not find atom " OG " of B:996 for chi1
Could not find atom " CG1" of B:997 for chi1
Could not find atom " CG " of B:998 for chi1
Could not find atom " CG " of B:1005 for chi1
Could not find atom " OG " of B:1015 for chi1
Could not find atom " CG " of B:1016 for chi1
Could not find atom " CG " of B:1018 for chi1
Could not find atom " CG " of C:1027 for chi1
Could not find atom " CG " of C:1028 for chi1
Could not find atom " N  " of D:1039 for chi1
Could not find atom " CG " of D:1049 for chi1
Num exceptions = 35
