F10 /home/users/sidhikab/flexibility_project/flexibility_prediction/Data/rmsds/F10_rmsds.csv
F10 1EZQ no residues close to the ligand
F10 1EZQ no residues close to the ligand
F10 1F0R no residues close to the ligand
F10 1F0R no residues close to the ligand
F10 1F0S no residues close to the ligand
F10 1F0S no residues close to the ligand
F10 1FJS no residues close to the ligand
F10 1FJS no residues close to the ligand
F10 1G2L no residues close to the ligand
F10 1G2L no residues close to the ligand
F10 1KSN no residues close to the ligand
F10 1KSN no residues close to the ligand
F10 1LPG no residues close to the ligand
F10 1LPG no residues close to the ligand
F10 1LPK no residues close to the ligand
F10 1LPK no residues close to the ligand
F10 1LPZ no residues close to the ligand
F10 1LPZ no residues close to the ligand
F10 1MQ5 no residues close to the ligand
F10 1MQ5 no residues close to the ligand
F10 1MQ6 no residues close to the ligand
F10 1MQ6 no residues close to the ligand
F10 1NFU no residues close to the ligand
F10 1NFU no residues close to the ligand
F10 1NFW no residues close to the ligand
F10 1NFW no residues close to the ligand
F10 1NFX no residues close to the ligand
F10 1NFX no residues close to the ligand
F10 1NFY no residues close to the ligand
F10 1NFY no residues close to the ligand
F10 1XKA no residues close to the ligand
F10 1XKA no residues close to the ligand
F10 1Z6E no residues close to the ligand
F10 1Z6E no residues close to the ligand
F10 2BOH no residues close to the ligand
F10 2BOH no residues close to the ligand
F10 2BOH no residues close to the ligand
F10 2BOH no residues close to the ligand
F10 2BOH no residues close to the ligand
F10 2BOH no residues close to the ligand
F10 2BOH no residues close to the ligand
F10 2BOH no residues close to the ligand
F10 2BOH no residues close to the ligand
F10 2BOH no residues close to the ligand
F10 2BOH no residues close to the ligand
F10 2BOH no residues close to the ligand
F10 2BOH no residues close to the ligand
F10 2BOH no residues close to the ligand
F10 2BOH no residues close to the ligand
F10 2BOH no residues close to the ligand
F10 2BOH no residues close to the ligand
F10 2BOH no residues close to the ligand
F10 2BOH no residues close to the ligand
F10 2BOH no residues close to the ligand
F10 2BOH no residues close to the ligand
F10 2BOH no residues close to the ligand
F10 2BOH no residues close to the ligand
F10 2BOH no residues close to the ligand
F10 2BOH no residues close to the ligand
F10 2BOK no residues close to the ligand
F10 2BOK no residues close to the ligand
F10 2BQ7 no residues close to the ligand
F10 2BQ7 no residues close to the ligand
F10 2BQ7 no residues close to the ligand
F10 2BQ7 no residues close to the ligand
F10 2BQ7 no residues close to the ligand
F10 2BQ7 no residues close to the ligand
F10 2BQ7 no residues close to the ligand
F10 2BQ7 no residues close to the ligand
F10 2BQ7 no residues close to the ligand
F10 2BQ7 no residues close to the ligand
F10 2BQ7 no residues close to the ligand
F10 2BQ7 no residues close to the ligand
F10 2BQ7 no residues close to the ligand
F10 2BQ7 no residues close to the ligand
F10 2BQ7 no residues close to the ligand
F10 2BQ7 no residues close to the ligand
F10 2BQ7 no residues close to the ligand
F10 2BQ7 no residues close to the ligand
F10 2BQ7 no residues close to the ligand
F10 2BQ7 no residues close to the ligand
F10 2BQ7 no residues close to the ligand
F10 2BQ7 no residues close to the ligand
F10 2BQ7 no residues close to the ligand
F10 2BQ7 no residues close to the ligand
F10 2BQ7 no residues close to the ligand
F10 2J2U no residues close to the ligand
F10 2J2U no residues close to the ligand
F10 2J34 no residues close to the ligand
F10 2J34 no residues close to the ligand
F10 2J4I no residues close to the ligand
F10 2J4I no residues close to the ligand
F10 2J94 no residues close to the ligand
F10 2J94 no residues close to the ligand
F10 2J95 no residues close to the ligand
F10 2J95 no residues close to the ligand
