F2 /home/users/sidhikab/flexibility_project/flexibility_prediction/Data/rmsds/F2_rmsds.csv
F2 1A4W no residues close to the ligand
F2 1A4W no residues close to the ligand
F2 1A4W no residues close to the ligand
F2 1A4W no residues close to the ligand
F2 1A4W no residues close to the ligand
F2 1A4W no residues close to the ligand
F2 1A4W no residues close to the ligand
F2 1A4W no residues close to the ligand
F2 1A4W no residues close to the ligand
F2 1A4W no residues close to the ligand
F2 1BCU no residues close to the ligand
F2 1BCU no residues close to the ligand
F2 1BCU no residues close to the ligand
F2 1BCU no residues close to the ligand
F2 1BCU no residues close to the ligand
F2 1BCU no residues close to the ligand
F2 1BCU no residues close to the ligand
F2 1BCU no residues close to the ligand
F2 1BCU no residues close to the ligand
F2 1BCU no residues close to the ligand
F2 1BHX no residues close to the ligand
F2 1BHX no residues close to the ligand
F2 1BHX no residues close to the ligand
F2 1BHX no residues close to the ligand
F2 1BHX no residues close to the ligand
F2 1BHX no residues close to the ligand
F2 1BHX no residues close to the ligand
F2 1BHX no residues close to the ligand
F2 1BHX no residues close to the ligand
F2 1BHX no residues close to the ligand
F2 1BHX no residues close to the ligand
F2 1BHX no residues close to the ligand
F2 1BHX no residues close to the ligand
F2 1BHX no residues close to the ligand
F2 1BHX no residues close to the ligand
F2 1BHX no residues close to the ligand
F2 1BHX no residues close to the ligand
F2 1BHX no residues close to the ligand
F2 1BHX no residues close to the ligand
F2 1BHX no residues close to the ligand
F2 1BHX no residues close to the ligand
F2 1BHX no residues close to the ligand
F2 1BHX no residues close to the ligand
F2 1BHX no residues close to the ligand
F2 1BHX no residues close to the ligand
F2 1BHX no residues close to the ligand
F2 1BHX no residues close to the ligand
F2 1BHX no residues close to the ligand
F2 1BHX no residues close to the ligand
F2 1BHX no residues close to the ligand
F2 1BHX no residues close to the ligand
F2 1BHX no residues close to the ligand
F2 1BHX no residues close to the ligand
F2 1C1U no residues close to the ligand
F2 1C1U no residues close to the ligand
F2 1C1U no residues close to the ligand
F2 1C1U no residues close to the ligand
F2 1C1U no residues close to the ligand
F2 1C1U no residues close to the ligand
F2 1C1U no residues close to the ligand
F2 1C1U no residues close to the ligand
F2 1C1U no residues close to the ligand
F2 1C1U no residues close to the ligand
F2 1C1V no residues close to the ligand
F2 1C1V no residues close to the ligand
F2 1C1V no residues close to the ligand
F2 1C1V no residues close to the ligand
F2 1C1V no residues close to the ligand
F2 1C1V no residues close to the ligand
F2 1C1V no residues close to the ligand
F2 1C1V no residues close to the ligand
F2 1C1V no residues close to the ligand
F2 1C1V no residues close to the ligand
F2 1C4U no residues close to the ligand
F2 1C4U no residues close to the ligand
F2 1C4U no residues close to the ligand
F2 1C4U no residues close to the ligand
F2 1C4U no residues close to the ligand
F2 1C4U no residues close to the ligand
F2 1C4U no residues close to the ligand
F2 1C4U no residues close to the ligand
F2 1C4U no residues close to the ligand
F2 1C4U no residues close to the ligand
F2 1C4U no residues close to the ligand
F2 1C4U no residues close to the ligand
F2 1C4U no residues close to the ligand
F2 1C4U no residues close to the ligand
F2 1C4U no residues close to the ligand
F2 1C4U no residues close to the ligand
F2 1C4U no residues close to the ligand
F2 1C4U no residues close to the ligand
F2 1C4U no residues close to the ligand
F2 1C4U no residues close to the ligand
F2 1C4U no residues close to the ligand
F2 1C4U no residues close to the ligand
F2 1C4U no residues close to the ligand
F2 1C4U no residues close to the ligand
F2 1C4U no residues close to the ligand
F2 1C4U no residues close to the ligand
F2 1C4U no residues close to the ligand
F2 1C4U no residues close to the ligand
F2 1C4U no residues close to the ligand
F2 1C4U no residues close to the ligand
F2 1C4U no residues close to the ligand
F2 1C4U no residues close to the ligand
F2 1C4U no residues close to the ligand
F2 1C5N no residues close to the ligand
F2 1C5N no residues close to the ligand
F2 1C5N no residues close to the ligand
F2 1C5N no residues close to the ligand
F2 1C5N no residues close to the ligand
F2 1C5N no residues close to the ligand
F2 1C5N no residues close to the ligand
F2 1C5N no residues close to the ligand
F2 1C5N no residues close to the ligand
F2 1C5N no residues close to the ligand
F2 1C5O no residues close to the ligand
F2 1C5O no residues close to the ligand
F2 1C5O no residues close to the ligand
F2 1C5O no residues close to the ligand
F2 1C5O no residues close to the ligand
F2 1C5O no residues close to the ligand
F2 1C5O no residues close to the ligand
F2 1C5O no residues close to the ligand
F2 1C5O no residues close to the ligand
F2 1C5O no residues close to the ligand
F2 1D3D no residues close to the ligand
F2 1D3D no residues close to the ligand
F2 1D3D no residues close to the ligand
F2 1D3D no residues close to the ligand
F2 1D3D no residues close to the ligand
F2 1D3D no residues close to the ligand
F2 1D3D no residues close to the ligand
F2 1D3D no residues close to the ligand
F2 1D3D no residues close to the ligand
F2 1D3D no residues close to the ligand
F2 1D3D no residues close to the ligand
F2 1D3D no residues close to the ligand
F2 1D3D no residues close to the ligand
F2 1D3D no residues close to the ligand
F2 1D3D no residues close to the ligand
F2 1D3D no residues close to the ligand
F2 1D3D no residues close to the ligand
F2 1D3D no residues close to the ligand
F2 1D3D no residues close to the ligand
F2 1D3D no residues close to the ligand
F2 1D3D no residues close to the ligand
F2 1D3D no residues close to the ligand
F2 1D3D no residues close to the ligand
F2 1D3D no residues close to the ligand
F2 1D3D no residues close to the ligand
F2 1D3D no residues close to the ligand
F2 1D3D no residues close to the ligand
F2 1D3D no residues close to the ligand
F2 1D3D no residues close to the ligand
F2 1D3D no residues close to the ligand
F2 1D3D no residues close to the ligand
F2 1D3D no residues close to the ligand
F2 1D3D no residues close to the ligand
F2 1D3P no residues close to the ligand
F2 1D3P no residues close to the ligand
F2 1D3P no residues close to the ligand
F2 1D3P no residues close to the ligand
F2 1D3P no residues close to the ligand
F2 1D3P no residues close to the ligand
F2 1D3P no residues close to the ligand
F2 1D3P no residues close to the ligand
F2 1D3P no residues close to the ligand
F2 1D3P no residues close to the ligand
F2 1D3P no residues close to the ligand
F2 1D3P no residues close to the ligand
F2 1D3P no residues close to the ligand
F2 1D3P no residues close to the ligand
F2 1D3P no residues close to the ligand
F2 1D3P no residues close to the ligand
F2 1D3P no residues close to the ligand
F2 1D3P no residues close to the ligand
F2 1D3P no residues close to the ligand
F2 1D3P no residues close to the ligand
F2 1D3P no residues close to the ligand
F2 1D3P no residues close to the ligand
F2 1D3P no residues close to the ligand
F2 1D3P no residues close to the ligand
F2 1D3P no residues close to the ligand
F2 1D3P no residues close to the ligand
F2 1D3P no residues close to the ligand
F2 1D3P no residues close to the ligand
F2 1D3P no residues close to the ligand
F2 1D3P no residues close to the ligand
F2 1D3P no residues close to the ligand
F2 1D3P no residues close to the ligand
F2 1D3P no residues close to the ligand
F2 1D4P no residues close to the ligand
F2 1D4P no residues close to the ligand
F2 1D4P no residues close to the ligand
F2 1D4P no residues close to the ligand
F2 1D4P no residues close to the ligand
F2 1D4P no residues close to the ligand
F2 1D4P no residues close to the ligand
F2 1D4P no residues close to the ligand
F2 1D4P no residues close to the ligand
F2 1D4P no residues close to the ligand
F2 1D4P no residues close to the ligand
F2 1D4P no residues close to the ligand
F2 1D4P no residues close to the ligand
F2 1D4P no residues close to the ligand
F2 1D4P no residues close to the ligand
F2 1D4P no residues close to the ligand
F2 1D4P no residues close to the ligand
F2 1D4P no residues close to the ligand
F2 1D4P no residues close to the ligand
F2 1D4P no residues close to the ligand
F2 1D4P no residues close to the ligand
F2 1D4P no residues close to the ligand
F2 1D4P no residues close to the ligand
F2 1D4P no residues close to the ligand
F2 1D4P no residues close to the ligand
F2 1D4P no residues close to the ligand
F2 1D4P no residues close to the ligand
F2 1D4P no residues close to the ligand
F2 1D4P no residues close to the ligand
F2 1D4P no residues close to the ligand
F2 1D4P no residues close to the ligand
F2 1D4P no residues close to the ligand
F2 1D4P no residues close to the ligand
F2 1D6W no residues close to the ligand
F2 1D6W no residues close to the ligand
F2 1D6W no residues close to the ligand
F2 1D6W no residues close to the ligand
F2 1D6W no residues close to the ligand
F2 1D6W no residues close to the ligand
F2 1D6W no residues close to the ligand
F2 1D6W no residues close to the ligand
F2 1D6W no residues close to the ligand
F2 1D6W no residues close to the ligand
F2 1D9I no residues close to the ligand
F2 1D9I no residues close to the ligand
F2 1D9I no residues close to the ligand
F2 1D9I no residues close to the ligand
F2 1D9I no residues close to the ligand
F2 1D9I no residues close to the ligand
F2 1D9I no residues close to the ligand
F2 1D9I no residues close to the ligand
F2 1D9I no residues close to the ligand
F2 1D9I no residues close to the ligand
F2 1FPC no residues close to the ligand
F2 1FPC no residues close to the ligand
F2 1FPC no residues close to the ligand
F2 1FPC no residues close to the ligand
F2 1FPC no residues close to the ligand
F2 1FPC no residues close to the ligand
F2 1FPC no residues close to the ligand
F2 1FPC no residues close to the ligand
F2 1FPC no residues close to the ligand
F2 1FPC no residues close to the ligand
F2 1G30 no residues close to the ligand
F2 1G30 no residues close to the ligand
F2 1G30 no residues close to the ligand
F2 1G30 no residues close to the ligand
F2 1G30 no residues close to the ligand
F2 1G30 no residues close to the ligand
F2 1G30 no residues close to the ligand
F2 1G30 no residues close to the ligand
F2 1G30 no residues close to the ligand
F2 1G30 no residues close to the ligand
F2 1G30 no residues close to the ligand
F2 1G30 no residues close to the ligand
F2 1G30 no residues close to the ligand
F2 1G30 no residues close to the ligand
F2 1G30 no residues close to the ligand
F2 1G30 no residues close to the ligand
F2 1G30 no residues close to the ligand
F2 1G30 no residues close to the ligand
F2 1G30 no residues close to the ligand
F2 1G30 no residues close to the ligand
F2 1G30 no residues close to the ligand
F2 1G30 no residues close to the ligand
F2 1G30 no residues close to the ligand
F2 1G30 no residues close to the ligand
F2 1G30 no residues close to the ligand
F2 1G30 no residues close to the ligand
F2 1G30 no residues close to the ligand
F2 1G30 no residues close to the ligand
F2 1G30 no residues close to the ligand
F2 1G30 no residues close to the ligand
F2 1G30 no residues close to the ligand
F2 1G30 no residues close to the ligand
F2 1G30 no residues close to the ligand
F2 1G32 no residues close to the ligand
F2 1G32 no residues close to the ligand
F2 1G32 no residues close to the ligand
F2 1G32 no residues close to the ligand
F2 1G32 no residues close to the ligand
F2 1G32 no residues close to the ligand
F2 1G32 no residues close to the ligand
F2 1G32 no residues close to the ligand
F2 1G32 no residues close to the ligand
F2 1G32 no residues close to the ligand
F2 1G32 no residues close to the ligand
F2 1G32 no residues close to the ligand
F2 1G32 no residues close to the ligand
F2 1G32 no residues close to the ligand
F2 1G32 no residues close to the ligand
F2 1G32 no residues close to the ligand
F2 1G32 no residues close to the ligand
F2 1G32 no residues close to the ligand
F2 1G32 no residues close to the ligand
F2 1G32 no residues close to the ligand
F2 1G32 no residues close to the ligand
F2 1G32 no residues close to the ligand
F2 1G32 no residues close to the ligand
F2 1G32 no residues close to the ligand
F2 1G32 no residues close to the ligand
F2 1G32 no residues close to the ligand
F2 1G32 no residues close to the ligand
F2 1G32 no residues close to the ligand
F2 1G32 no residues close to the ligand
F2 1G32 no residues close to the ligand
F2 1G32 no residues close to the ligand
F2 1G32 no residues close to the ligand
F2 1G32 no residues close to the ligand
F2 1GHV no residues close to the ligand
F2 1GHV no residues close to the ligand
F2 1GHV no residues close to the ligand
F2 1GHV no residues close to the ligand
F2 1GHV no residues close to the ligand
F2 1GHV no residues close to the ligand
F2 1GHV no residues close to the ligand
F2 1GHV no residues close to the ligand
F2 1GHV no residues close to the ligand
F2 1GHV no residues close to the ligand
F2 1GHW no residues close to the ligand
F2 1GHW no residues close to the ligand
F2 1GHW no residues close to the ligand
F2 1GHW no residues close to the ligand
F2 1GHW no residues close to the ligand
F2 1GHW no residues close to the ligand
F2 1GHW no residues close to the ligand
F2 1GHW no residues close to the ligand
F2 1GHW no residues close to the ligand
F2 1GHW no residues close to the ligand
F2 1GHY no residues close to the ligand
F2 1GHY no residues close to the ligand
F2 1GHY no residues close to the ligand
F2 1GHY no residues close to the ligand
F2 1GHY no residues close to the ligand
F2 1GHY no residues close to the ligand
F2 1GHY no residues close to the ligand
F2 1GHY no residues close to the ligand
F2 1GHY no residues close to the ligand
F2 1GHY no residues close to the ligand
F2 1K21 no residues close to the ligand
F2 1K21 no residues close to the ligand
F2 1K21 no residues close to the ligand
F2 1K21 no residues close to the ligand
F2 1K21 no residues close to the ligand
F2 1K21 no residues close to the ligand
F2 1K21 no residues close to the ligand
F2 1K21 no residues close to the ligand
F2 1K21 no residues close to the ligand
F2 1K21 no residues close to the ligand
F2 1K22 no residues close to the ligand
F2 1K22 no residues close to the ligand
F2 1K22 no residues close to the ligand
F2 1K22 no residues close to the ligand
F2 1K22 no residues close to the ligand
F2 1K22 no residues close to the ligand
F2 1K22 no residues close to the ligand
F2 1K22 no residues close to the ligand
F2 1K22 no residues close to the ligand
F2 1K22 no residues close to the ligand
F2 1MU6 no residues close to the ligand
F2 1MU6 no residues close to the ligand
F2 1MU6 no residues close to the ligand
F2 1MU6 no residues close to the ligand
F2 1MU6 no residues close to the ligand
F2 1MU6 no residues close to the ligand
F2 1MU6 no residues close to the ligand
F2 1MU6 no residues close to the ligand
F2 1MU6 no residues close to the ligand
F2 1MU6 no residues close to the ligand
F2 1MU6 no residues close to the ligand
F2 1MU6 no residues close to the ligand
F2 1MU6 no residues close to the ligand
F2 1MU6 no residues close to the ligand
F2 1MU6 no residues close to the ligand
F2 1MU6 no residues close to the ligand
F2 1MU6 no residues close to the ligand
F2 1MU6 no residues close to the ligand
F2 1MU6 no residues close to the ligand
F2 1MU6 no residues close to the ligand
F2 1MU6 no residues close to the ligand
F2 1MU6 no residues close to the ligand
F2 1MU6 no residues close to the ligand
F2 1MU6 no residues close to the ligand
F2 1MU6 no residues close to the ligand
F2 1MU6 no residues close to the ligand
F2 1MU6 no residues close to the ligand
F2 1MU6 no residues close to the ligand
F2 1MU6 no residues close to the ligand
F2 1MU6 no residues close to the ligand
F2 1MU6 no residues close to the ligand
F2 1MU6 no residues close to the ligand
F2 1MU6 no residues close to the ligand
F2 1MU8 no residues close to the ligand
F2 1MU8 no residues close to the ligand
F2 1MU8 no residues close to the ligand
F2 1MU8 no residues close to the ligand
F2 1MU8 no residues close to the ligand
F2 1MU8 no residues close to the ligand
F2 1MU8 no residues close to the ligand
F2 1MU8 no residues close to the ligand
F2 1MU8 no residues close to the ligand
F2 1MU8 no residues close to the ligand
F2 1MU8 no residues close to the ligand
F2 1MU8 no residues close to the ligand
F2 1MU8 no residues close to the ligand
F2 1MU8 no residues close to the ligand
F2 1MU8 no residues close to the ligand
F2 1MU8 no residues close to the ligand
F2 1MU8 no residues close to the ligand
F2 1MU8 no residues close to the ligand
F2 1MU8 no residues close to the ligand
F2 1MU8 no residues close to the ligand
F2 1MU8 no residues close to the ligand
F2 1MU8 no residues close to the ligand
F2 1MU8 no residues close to the ligand
F2 1MU8 no residues close to the ligand
F2 1MU8 no residues close to the ligand
F2 1MU8 no residues close to the ligand
F2 1MU8 no residues close to the ligand
F2 1MU8 no residues close to the ligand
F2 1MU8 no residues close to the ligand
F2 1MU8 no residues close to the ligand
F2 1MU8 no residues close to the ligand
F2 1MU8 no residues close to the ligand
F2 1MU8 no residues close to the ligand
F2 1MUE no residues close to the ligand
F2 1MUE no residues close to the ligand
F2 1MUE no residues close to the ligand
F2 1MUE no residues close to the ligand
F2 1MUE no residues close to the ligand
F2 1MUE no residues close to the ligand
F2 1MUE no residues close to the ligand
F2 1MUE no residues close to the ligand
F2 1MUE no residues close to the ligand
F2 1MUE no residues close to the ligand
F2 1MUE no residues close to the ligand
F2 1MUE no residues close to the ligand
F2 1MUE no residues close to the ligand
F2 1MUE no residues close to the ligand
F2 1MUE no residues close to the ligand
F2 1MUE no residues close to the ligand
F2 1MUE no residues close to the ligand
F2 1MUE no residues close to the ligand
F2 1MUE no residues close to the ligand
F2 1MUE no residues close to the ligand
F2 1MUE no residues close to the ligand
F2 1MUE no residues close to the ligand
F2 1MUE no residues close to the ligand
F2 1MUE no residues close to the ligand
F2 1MUE no residues close to the ligand
F2 1MUE no residues close to the ligand
F2 1MUE no residues close to the ligand
F2 1MUE no residues close to the ligand
F2 1MUE no residues close to the ligand
F2 1MUE no residues close to the ligand
F2 1MUE no residues close to the ligand
F2 1MUE no residues close to the ligand
F2 1MUE no residues close to the ligand
F2 1NM6 no residues close to the ligand
F2 1NM6 no residues close to the ligand
F2 1NM6 no residues close to the ligand
F2 1NM6 no residues close to the ligand
F2 1NM6 no residues close to the ligand
F2 1NM6 no residues close to the ligand
F2 1NM6 no residues close to the ligand
F2 1NM6 no residues close to the ligand
F2 1NM6 no residues close to the ligand
F2 1NM6 no residues close to the ligand
