HSP90AA1 /home/users/lxpowers/projects/combind/flexibility/flex_new/flexibility_project/flexibility_prediction/Data/rmsds/HSP90AA1_rmsds.csv
Start 1YC1
Start 1YC4
Start 1YET
Start 2QFO
Start 2QG0
Start 2QG2
../Data/feature_vectors/HSP90AA1/2UWD.pkl
../Data/feature_vectors/HSP90AA1/2XAB.pkl
Start 2XDK
../Data/feature_vectors/HSP90AA1/2XDL.pkl
../Data/feature_vectors/HSP90AA1/2XDX.pkl
../Data/feature_vectors/HSP90AA1/2XHT.pkl
Start 2XJG
../Data/feature_vectors/HSP90AA1/2XJJ.pkl
Start 2XJX
Start 2YI0
Start 2YI7
Start 2YKI
Start 3B24
Start 3B25
Start 3B26
Start 3B27
Start 3D0B
Start 3EKO
Start 3EKR
