PDE10A /home/users/sidhikab/flexibility_project/flexibility_prediction/Data/rmsds/PDE10A_rmsds.csv
3UI7
PDE10A 3UI7 no residues close to the ligand
3UUO
PDE10A 3UUO no residues close to the ligand
4DFF
PDE10A 4DFF no residues close to the ligand
4HF4
PDE10A 4HF4 no residues close to the ligand
4LKQ
PDE10A 4LKQ no residues close to the ligand
4LLJ
PDE10A 4LLJ no residues close to the ligand
4LLK
PDE10A 4LLK no residues close to the ligand
4LLP
PDE10A 4LLP no residues close to the ligand
4LLX
PDE10A 4LLX no residues close to the ligand
4LM0
PDE10A 4LM0 no residues close to the ligand
4LM1
PDE10A 4LM1 no residues close to the ligand
4LM2
PDE10A 4LM2 no residues close to the ligand
4LM3
PDE10A 4LM3 no residues close to the ligand
4LM4
PDE10A 4LM4 no residues close to the ligand
4MRW
PDE10A 4MRW no residues close to the ligand
4MRZ
PDE10A 4MRZ no residues close to the ligand
4MSA
PDE10A 4MSA no residues close to the ligand
4MSC
PDE10A 4MSC no residues close to the ligand
4MSN
PDE10A 4MSN no residues close to the ligand
4ZO5
PDE10A 4ZO5 no residues close to the ligand
PDE10A 4ZO5 no residues close to the ligand
PDE10A 4ZO5 no residues close to the ligand
PDE10A 4ZO5 no residues close to the ligand
PDE10A 4ZO5 no residues close to the ligand
PDE10A 4ZO5 no residues close to the ligand
PDE10A 4ZO5 no residues close to the ligand
PDE10A 4ZO5 no residues close to the ligand
PDE10A 4ZO5 no residues close to the ligand
PDE10A 4ZO5 no residues close to the ligand
PDE10A 4ZO5 no residues close to the ligand
PDE10A 4ZO5 no residues close to the ligand
PDE10A 4ZO5 no residues close to the ligand
PDE10A 4ZO5 no residues close to the ligand
PDE10A 4ZO5 no residues close to the ligand
PDE10A 4ZO5 no residues close to the ligand
PDE10A 4ZO5 no residues close to the ligand
PDE10A 4ZO5 no residues close to the ligand
PDE10A 4ZO5 no residues close to the ligand
PDE10A 4ZO5 no residues close to the ligand
PDE10A 4ZO5 no residues close to the ligand
PDE10A 4ZO5 no residues close to the ligand
PDE10A 4ZO5 no residues close to the ligand
5C1W
PDE10A 5C1W no residues close to the ligand
5C28
PDE10A 5C28 no residues close to the ligand
5C2A
PDE10A 5C2A no residues close to the ligand
5C2H
PDE10A 5C2H no residues close to the ligand
