PLAU /home/users/sidhikab/flexibility_project/flexibility_prediction/Data/rmsds/PLAU_rmsds.csv
PLAU 1C5X no residues close to the ligand
PLAU 1C5X no residues close to the ligand
PLAU 1C5X no residues close to the ligand
PLAU 1C5Y no residues close to the ligand
PLAU 1C5Y no residues close to the ligand
PLAU 1C5Y no residues close to the ligand
PLAU 1C5Z no residues close to the ligand
PLAU 1C5Z no residues close to the ligand
PLAU 1C5Z no residues close to the ligand
PLAU 1EJN no residues close to the ligand
PLAU 1EJN no residues close to the ligand
PLAU 1EJN no residues close to the ligand
PLAU 1F5K no residues close to the ligand
PLAU 1F5K no residues close to the ligand
PLAU 1F5K no residues close to the ligand
PLAU 1F5L no residues close to the ligand
PLAU 1F5L no residues close to the ligand
PLAU 1F5L no residues close to the ligand
PLAU 1GI7 no residues close to the ligand
PLAU 1GI7 no residues close to the ligand
PLAU 1GI7 no residues close to the ligand
PLAU 1GJ7 no residues close to the ligand
PLAU 1GJ7 no residues close to the ligand
PLAU 1GJ7 no residues close to the ligand
PLAU 1GJ8 no residues close to the ligand
PLAU 1GJ8 no residues close to the ligand
PLAU 1GJ8 no residues close to the ligand
PLAU 1GJ8 no residues close to the ligand
PLAU 1GJ8 no residues close to the ligand
PLAU 1GJ8 no residues close to the ligand
PLAU 1GJ8 no residues close to the ligand
PLAU 1GJ8 no residues close to the ligand
PLAU 1GJ8 no residues close to the ligand
PLAU 1GJ8 no residues close to the ligand
PLAU 1GJ8 no residues close to the ligand
PLAU 1GJ8 no residues close to the ligand
PLAU 1GJ8 no residues close to the ligand
PLAU 1GJ8 no residues close to the ligand
PLAU 1GJ8 no residues close to the ligand
PLAU 1GJ8 no residues close to the ligand
PLAU 1GJ8 no residues close to the ligand
PLAU 1GJ8 no residues close to the ligand
PLAU 1GJ8 no residues close to the ligand
PLAU 1GJ8 no residues close to the ligand
PLAU 1GJ8 no residues close to the ligand
PLAU 1GJ8 no residues close to the ligand
PLAU 1GJ8 no residues close to the ligand
PLAU 1GJ8 no residues close to the ligand
PLAU 1GJ8 no residues close to the ligand
PLAU 1GJ8 no residues close to the ligand
PLAU 1GJA no residues close to the ligand
PLAU 1GJA no residues close to the ligand
PLAU 1GJA no residues close to the ligand
PLAU 1GJA no residues close to the ligand
PLAU 1GJA no residues close to the ligand
PLAU 1GJA no residues close to the ligand
PLAU 1GJA no residues close to the ligand
PLAU 1GJA no residues close to the ligand
PLAU 1GJA no residues close to the ligand
PLAU 1GJA no residues close to the ligand
PLAU 1GJA no residues close to the ligand
PLAU 1GJA no residues close to the ligand
PLAU 1GJA no residues close to the ligand
PLAU 1GJA no residues close to the ligand
PLAU 1GJA no residues close to the ligand
PLAU 1GJA no residues close to the ligand
PLAU 1GJA no residues close to the ligand
PLAU 1GJA no residues close to the ligand
PLAU 1GJA no residues close to the ligand
PLAU 1GJA no residues close to the ligand
PLAU 1GJA no residues close to the ligand
PLAU 1GJA no residues close to the ligand
PLAU 1GJA no residues close to the ligand
PLAU 1GJA no residues close to the ligand
PLAU 1GJA no residues close to the ligand
PLAU 1GJA no residues close to the ligand
PLAU 1GJC no residues close to the ligand
PLAU 1GJC no residues close to the ligand
PLAU 1GJC no residues close to the ligand
PLAU 1GJD no residues close to the ligand
PLAU 1GJD no residues close to the ligand
PLAU 1GJD no residues close to the ligand
PLAU 1GJD no residues close to the ligand
PLAU 1GJD no residues close to the ligand
PLAU 1GJD no residues close to the ligand
PLAU 1GJD no residues close to the ligand
PLAU 1GJD no residues close to the ligand
PLAU 1GJD no residues close to the ligand
PLAU 1GJD no residues close to the ligand
PLAU 1GJD no residues close to the ligand
PLAU 1GJD no residues close to the ligand
PLAU 1GJD no residues close to the ligand
PLAU 1GJD no residues close to the ligand
PLAU 1GJD no residues close to the ligand
PLAU 1GJD no residues close to the ligand
PLAU 1GJD no residues close to the ligand
PLAU 1GJD no residues close to the ligand
PLAU 1GJD no residues close to the ligand
PLAU 1GJD no residues close to the ligand
PLAU 1GJD no residues close to the ligand
PLAU 1GJD no residues close to the ligand
PLAU 1GJD no residues close to the ligand
PLAU 1GJD no residues close to the ligand
PLAU 1GJD no residues close to the ligand
PLAU 1GJD no residues close to the ligand
PLAU 1O3P no residues close to the ligand
PLAU 1O3P no residues close to the ligand
PLAU 1O3P no residues close to the ligand
PLAU 1O5A no residues close to the ligand
PLAU 1O5A no residues close to the ligand
PLAU 1O5A no residues close to the ligand
PLAU 1O5B no residues close to the ligand
PLAU 1O5B no residues close to the ligand
PLAU 1O5B no residues close to the ligand
PLAU 1O5C no residues close to the ligand
PLAU 1O5C no residues close to the ligand
PLAU 1O5C no residues close to the ligand
PLAU 1OWE no residues close to the ligand
PLAU 1OWE no residues close to the ligand
PLAU 1OWE no residues close to the ligand
PLAU 1OWH no residues close to the ligand
PLAU 1OWH no residues close to the ligand
PLAU 1OWH no residues close to the ligand
PLAU 1SQA no residues close to the ligand
PLAU 1SQA no residues close to the ligand
PLAU 1SQA no residues close to the ligand
PLAU 1SQO no residues close to the ligand
PLAU 1SQO no residues close to the ligand
PLAU 1SQO no residues close to the ligand
PLAU 1SQT no residues close to the ligand
PLAU 1SQT no residues close to the ligand
PLAU 1SQT no residues close to the ligand
PLAU 1W0Z no residues close to the ligand
PLAU 1W0Z no residues close to the ligand
PLAU 1W0Z no residues close to the ligand
PLAU 1W11 no residues close to the ligand
PLAU 1W11 no residues close to the ligand
PLAU 1W11 no residues close to the ligand
PLAU 1W13 no residues close to the ligand
PLAU 1W13 no residues close to the ligand
PLAU 1W13 no residues close to the ligand
PLAU 2VNT no residues close to the ligand
PLAU 2VNT no residues close to the ligand
PLAU 2VNT no residues close to the ligand
