F2 /home/users/sidhikab/flexibility_project/flexibility_prediction/Data/feature_vectors/F2/1A4W.pkl
Could not find atom " HG " of A:42 for chi2
Could not find atom " HG " of A:58 for chi2
Could not find atom " CB " of A:62 for chi1
Could not find atom " CB " of A:75 for chi1
Could not find atom " CB " of A:77A for chi1
Could not find atom " CG " of A:110 for chi1
Could not find atom " HG " of A:122 for chi2
Could not find atom " CG " of A:125 for chi1
Could not find atom " CG " of A:145 for chi1
Could not find atom " HG " of B:1 for chi2
Could not find atom " CG " of B:14A for chi1
Could not find atom " CG " of B:14D for chi1
Could not find atom " CB " of B:14K for chi1
Could not find atom " HG " of A:168 for chi2
Could not find atom " HG " of A:182 for chi2
Could not find atom " CB " of A:186A for chi1
Could not find atom " HG " of A:191 for chi2
Could not find atom " HG " of A:220 for chi2
Could not find atom " CD " of A:240 for chi2
Could not find atom " CB " of A:244 for chi1
Num exceptions = 20
