PDE10A 4LLJ /home/users/sidhikab/flexibility_project/flexibility_prediction/Data/feature_vectors/PDE10A/4LLJ.pkl
Could not find atom " OG " of A:453 for chi1
Could not find atom " CG " of A:454 for chi1
Could not find atom " CD " of A:470 for chi2
Could not find atom " HG " of A:502 for chi2
Could not find atom " CG " of A:504 for chi1
Could not find atom " CG " of A:517 for chi1
Could not find atom " CG " of A:521 for chi1
Can't do adjustment - atoms are in a ring: 1320, 1323
Could not find atom " HG " of A:536 for chi2
Can't do adjustment - atoms are in a ring: 1852, 1855
Can't do adjustment - atoms are in a ring: 1869, 1872
Could not find atom " CD " of A:577 for chi2
Could not find atom " CG " of A:606 for chi1
Could not find atom " CD " of A:643 for chi2
Can't do adjustment - atoms are in a ring: 3589, 3592
Could not find atom " CG " of A:753 for chi1
Could not find atom " CE " of A:764 for chi3
Could not find atom " OG1" of A:773 for chi1
Could not find atom " CG1" of A:775 for chi1
Num exceptions = 19
