SMO 4QIN /home/users/sidhikab/flexibility_project/flexibility_prediction/Data/feature_vectors/SMO/4QIN.pkl
Could not find atom " HG " of A:193 for chi2
Could not find atom " CG " of A:194 for chi1
Could not find atom " HG " of A:213 for chi2
Could not find atom " HG " of A:217 for chi2
There is no rotamer information for residue HIE 
Could not find atom " CG " of A:257 for chi1
Could not find atom " CG " of A:261 for chi1
Could not find atom " CG " of A:291 for chi1
Could not find atom " HG " of A:295 for chi2
Could not find atom " HG " of A:314 for chi2
Could not find atom " OG1" of A:341 for chi1
Could not find atom " CE " of A:344 for chi3
Could not find atom " CG " of A:346 for chi1
Could not find atom " CG " of A:351 for chi1
Could not find atom " CD " of A:356 for chi2
There is no rotamer information for residue HIE 
Could not find atom " HG " of A:390 for chi2
There is no rotamer information for residue HIE 
Could not find atom " OG " of A:443 for chi1
Could not find atom " CG " of A:444 for chi1
Could not find atom " CG1" of A:445 for chi1
Could not find atom " CG " of A:446 for chi1
Could not find atom " CG " of A:447 for chi1
Could not find atom " CG " of A:449 for chi1
Could not find atom " CG1" of A:454 for chi1
Could not find atom " CZ " of A:482 for chi4
Could not find atom " HG " of A:490 for chi2
Could not find atom " HG " of A:507 for chi2
Could not find atom " CG " of A:539 for chi1
Could not find atom " CG " of A:542 for chi1
Could not find atom " CG " of A:543 for chi1
Could not find atom " CG1" of A:544 for chi1
Could not find atom " CG " of A:546 for chi1
Could not find atom " CG " of A:547 for chi1
Could not find atom " CG " of A:549 for chi1
Could not find atom " CG " of A:551 for chi1
Could not find atom " CG " of A:1005 for chi1
Could not find atom " CE " of A:1015 for chi3
Could not find atom " CG " of A:1019 for chi1
Could not find atom " CD " of A:1042 for chi2
Could not find atom " CG " of A:1047 for chi1
Could not find atom " CG " of A:1048 for chi1
Could not find atom " CG " of A:1049 for chi1
Could not find atom " CG " of A:1050 for chi1
Could not find atom " CG " of A:1051 for chi1
Could not find atom " CG " of A:1054 for chi1
Could not find atom " CG " of A:1059 for chi1
Num exceptions = 47
